# JRE version: OpenJDK Runtime Environment (8.0_202-b08) (build 1.8.0_202-b08)
# Java VM: OpenJDK 64-Bit Server VM (25.202-b08 mixed mode windows-amd64 compressed oops)
Heap:
 PSYoungGen      total 328192K, used 112867K [0x00000000d5580000, 0x00000000ede80000, 0x0000000100000000)
  eden space 294912K, 38% used [0x00000000d5580000,0x00000000dc3b8d70,0x00000000e7580000)
  from space 33280K, 0% used [0x00000000e9900000,0x00000000e9900000,0x00000000eb980000)
  to   space 36352K, 0% used [0x00000000e7580000,0x00000000e7580000,0x00000000e9900000)
 ParOldGen       total 93184K, used 84039K [0x0000000080000000, 0x0000000085b00000, 0x00000000d5580000)
  object space 93184K, 90% used [0x0000000080000000,0x0000000085211f50,0x0000000085b00000)
 Metaspace       used 79940K, capacity 84228K, committed 85080K, reserved 1122304K
  class space    used 10908K, capacity 11691K, committed 11904K, reserved 1048576K
GC Heap History (10 events):
Event: 20.676 GC heap before
{Heap before GC invocations=19 (full 3):
 PSYoungGen      total 281088K, used 281085K [0x00000000d5580000, 0x00000000eb980000, 0x0000000100000000)
  eden space 260096K, 100% used [0x00000000d5580000,0x00000000e5380000,0x00000000e5380000)
  from space 20992K, 99% used [0x00000000e5380000,0x00000000e67ff568,0x00000000e6800000)
  to   space 33280K, 0% used [0x00000000e9900000,0x00000000e9900000,0x00000000eb980000)
 ParOldGen       total 93184K, used 59710K [0x0000000080000000, 0x0000000085b00000, 0x00000000d5580000)
  object space 93184K, 64% used [0x0000000080000000,0x0000000083a4faf0,0x0000000085b00000)
 Metaspace       used 78722K, capacity 83474K, committed 83800K, reserved 1122304K
  class space    used 10938K, capacity 11804K, committed 11904K, reserved 1048576K
Event: 20.738 GC heap after
Heap after GC invocations=19 (full 3):
 PSYoungGen      total 328192K, used 26812K [0x00000000d5580000, 0x00000000ede80000, 0x0000000100000000)
  eden space 294912K, 0% used [0x00000000d5580000,0x00000000d5580000,0x00000000e7580000)
  from space 33280K, 80% used [0x00000000e9900000,0x00000000eb32f140,0x00000000eb980000)
  to   space 36352K, 0% used [0x00000000e7580000,0x00000000e7580000,0x00000000e9900000)
 ParOldGen       total 93184K, used 79144K [0x0000000080000000, 0x0000000085b00000, 0x00000000d5580000)
  object space 93184K, 84% used [0x0000000080000000,0x0000000084d4a1a0,0x0000000085b00000)
 Metaspace       used 78722K, capacity 83474K, committed 83800K, reserved 1122304K
  class space    used 10938K, capacity 11804K, committed 11904K, reserved 1048576K
}
Event: 20.738 GC heap before
{Heap before GC invocations=20 (full 4):
 PSYoungGen      total 328192K, used 26812K [0x00000000d5580000, 0x00000000ede80000, 0x0000000100000000)
  eden space 294912K, 0% used [0x00000000d5580000,0x00000000d5580000,0x00000000e7580000)
  from space 33280K, 80% used [0x00000000e9900000,0x00000000eb32f140,0x00000000eb980000)
  to   space 36352K, 0% used [0x00000000e7580000,0x00000000e7580000,0x00000000e9900000)
 ParOldGen       total 93184K, used 79144K [0x0000000080000000, 0x0000000085b00000, 0x00000000d5580000)
  object space 93184K, 84% used [0x0000000080000000,0x0000000084d4a1a0,0x0000000085b00000)
 Metaspace       used 78722K, capacity 83474K, committed 83800K, reserved 1122304K
  class space    used 10938K, capacity 11804K, committed 11904K, reserved 1048576K
Event: 21.062 GC heap after
Heap after GC invocations=20 (full 4):
 PSYoungGen      total 328192K, used 0K [0x00000000d5580000, 0x00000000ede80000, 0x0000000100000000)
  eden space 294912K, 0% used [0x00000000d5580000,0x00000000d5580000,0x00000000e7580000)
  from space 33280K, 0% used [0x00000000e9900000,0x00000000e9900000,0x00000000eb980000)
  to   space 36352K, 0% used [0x00000000e7580000,0x00000000e7580000,0x00000000e9900000)
 ParOldGen       total 93184K, used 91827K [0x0000000080000000, 0x0000000085b00000, 0x00000000d5580000)
  object space 93184K, 98% used [0x0000000080000000,0x00000000859ace20,0x0000000085b00000)
 Metaspace       used 78336K, capacity 82402K, committed 83800K, reserved 1122304K
  class space    used 10806K, capacity 11570K, committed 11904K, reserved 1048576K
}
Event: 22.305 GC heap before
{Heap before GC invocations=21 (full 5):
 PSYoungGen      total 328192K, used 294912K [0x00000000d5580000, 0x00000000ede80000, 0x0000000100000000)
  eden space 294912K, 100% used [0x00000000d5580000,0x00000000e7580000,0x00000000e7580000)
  from space 33280K, 0% used [0x00000000e9900000,0x00000000e9900000,0x00000000eb980000)
  to   space 36352K, 0% used [0x00000000e7580000,0x00000000e7580000,0x00000000e9900000)
 ParOldGen       total 93184K, used 91827K [0x0000000080000000, 0x0000000085b00000, 0x00000000d5580000)
  object space 93184K, 98% used [0x0000000080000000,0x00000000859ace20,0x0000000085b00000)
 Metaspace       used 79237K, capacity 83386K, committed 84568K, reserved 1122304K
  class space    used 10864K, capacity 11624K, committed 11904K, reserved 1048576K
Event: 22.550 GC heap after
Heap after GC invocations=21 (full 5):
 PSYoungGen      total 328192K, used 0K [0x00000000d5580000, 0x00000000ede80000, 0x0000000100000000)
  eden space 294912K, 0% used [0x00000000d5580000,0x00000000d5580000,0x00000000e7580000)
  from space 33280K, 0% used [0x00000000e9900000,0x00000000e9900000,0x00000000eb980000)
  to   space 36352K, 0% used [0x00000000e7580000,0x00000000e7580000,0x00000000e9900000)
 ParOldGen       total 93184K, used 89518K [0x0000000080000000, 0x0000000085b00000, 0x00000000d5580000)
  object space 93184K, 96% used [0x0000000080000000,0x000000008576b918,0x0000000085b00000)
 Metaspace       used 79237K, capacity 83386K, committed 84568K, reserved 1122304K
  class space    used 10864K, capacity 11624K, committed 11904K, reserved 1048576K
}
Event: 23.175 GC heap before
{Heap before GC invocations=22 (full 6):
 PSYoungGen      total 328192K, used 294912K [0x00000000d5580000, 0x00000000ede80000, 0x0000000100000000)
  eden space 294912K, 100% used [0x00000000d5580000,0x00000000e7580000,0x00000000e7580000)
  from space 33280K, 0% used [0x00000000e9900000,0x00000000e9900000,0x00000000eb980000)
  to   space 36352K, 0% used [0x00000000e7580000,0x00000000e7580000,0x00000000e9900000)
 ParOldGen       total 93184K, used 89518K [0x0000000080000000, 0x0000000085b00000, 0x00000000d5580000)
  object space 93184K, 96% used [0x0000000080000000,0x000000008576b918,0x0000000085b00000)
 Metaspace       used 79573K, capacity 83778K, committed 84824K, reserved 1122304K
  class space    used 10882K, capacity 11632K, committed 11904K, reserved 1048576K
Event: 23.360 GC heap after
Heap after GC invocations=22 (full 6):
 PSYoungGen      total 328192K, used 0K [0x00000000d5580000, 0x00000000ede80000, 0x0000000100000000)
  eden space 294912K, 0% used [0x00000000d5580000,0x00000000d5580000,0x00000000e7580000)
  from space 33280K, 0% used [0x00000000e9900000,0x00000000e9900000,0x00000000eb980000)
  to   space 36352K, 0% used [0x00000000e7580000,0x00000000e7580000,0x00000000e9900000)
 ParOldGen       total 93184K, used 84558K [0x0000000080000000, 0x0000000085b00000, 0x00000000d5580000)
  object space 93184K, 90% used [0x0000000080000000,0x0000000085293860,0x0000000085b00000)
 Metaspace       used 79573K, capacity 83778K, committed 84824K, reserved 1122304K
  class space    used 10882K, capacity 11632K, committed 11904K, reserved 1048576K
}
Event: 23.970 GC heap before
{Heap before GC invocations=23 (full 7):
 PSYoungGen      total 328192K, used 294912K [0x00000000d5580000, 0x00000000ede80000, 0x0000000100000000)
  eden space 294912K, 100% used [0x00000000d5580000,0x00000000e7580000,0x00000000e7580000)
  from space 33280K, 0% used [0x00000000e9900000,0x00000000e9900000,0x00000000eb980000)
  to   space 36352K, 0% used [0x00000000e7580000,0x00000000e7580000,0x00000000e9900000)
 ParOldGen       total 93184K, used 84558K [0x0000000080000000, 0x0000000085b00000, 0x00000000d5580000)
  object space 93184K, 90% used [0x0000000080000000,0x0000000085293860,0x0000000085b00000)
 Metaspace       used 79881K, capacity 84146K, committed 85080K, reserved 1122304K
  class space    used 10905K, capacity 11688K, committed 11904K, reserved 1048576K
Event: 24.155 GC heap after
Heap after GC invocations=23 (full 7):
 PSYoungGen      total 328192K, used 0K [0x00000000d5580000, 0x00000000ede80000, 0x0000000100000000)
  eden space 294912K, 0% used [0x00000000d5580000,0x00000000d5580000,0x00000000e7580000)
  from space 33280K, 0% used [0x00000000e9900000,0x00000000e9900000,0x00000000eb980000)
  to   space 36352K, 0% used [0x00000000e7580000,0x00000000e7580000,0x00000000e9900000)
 ParOldGen       total 93184K, used 84039K [0x0000000080000000, 0x0000000085b00000, 0x00000000d5580000)
  object space 93184K, 90% used [0x0000000080000000,0x0000000085211f50,0x0000000085b00000)
 Metaspace       used 79881K, capacity 84146K, committed 85080K, reserved 1122304K
  class space    used 10905K, capacity 11688K, committed 11904K, reserved 1048576K
}

