# JRE version: OpenJDK Runtime Environment (8.0_242-b01) (build 1.8.0_242-release-1644-b01)
# Java VM: OpenJDK 64-Bit Server VM (25.242-b01 mixed mode windows-amd64 compressed oops)
Heap:
 PSYoungGen      total 350208K, used 117310K [0x00000000d5580000, 0x00000000f1500000, 0x0000000100000000)
  eden space 303104K, 28% used [0x00000000d5580000,0x00000000da99df28,0x00000000e7d80000)
  from space 47104K, 66% used [0x00000000e7d80000,0x00000000e9bf1be8,0x00000000eab80000)
  to   space 49152K, 0% used [0x00000000ee500000,0x00000000ee500000,0x00000000f1500000)
 ParOldGen       total 153088K, used 75477K [0x0000000080000000, 0x0000000089580000, 0x00000000d5580000)
  object space 153088K, 49% used [0x0000000080000000,0x00000000849b5540,0x0000000089580000)
 Metaspace       used 82961K, capacity 88043K, committed 88088K, reserved 1124352K
  class space    used 11362K, capacity 12293K, committed 12336K, reserved 1048576K
GC Heap History (10 events):
Event: 41.830 GC heap before
{Heap before GC invocations=19 (full 3):
 PSYoungGen      total 262144K, used 262140K [0x00000000d5580000, 0x00000000eab80000, 0x0000000100000000)
  eden space 241152K, 100% used [0x00000000d5580000,0x00000000e4100000,0x00000000e4100000)
  from space 20992K, 99% used [0x00000000e4100000,0x00000000e557f3e0,0x00000000e5580000)
  to   space 37888K, 0% used [0x00000000e8680000,0x00000000e8680000,0x00000000eab80000)
 ParOldGen       total 98304K, used 72481K [0x0000000080000000, 0x0000000086000000, 0x00000000d5580000)
  object space 98304K, 73% used [0x0000000080000000,0x00000000846c84d0,0x0000000086000000)
 Metaspace       used 70220K, capacity 73887K, committed 74008K, reserved 1114112K
  class space    used 9605K, capacity 10281K, committed 10288K, reserved 1048576K
Event: 41.890 GC heap after
Heap after GC invocations=19 (full 3):
 PSYoungGen      total 314368K, used 12029K [0x00000000d5580000, 0x00000000eb800000, 0x0000000100000000)
  eden space 276480K, 0% used [0x00000000d5580000,0x00000000d5580000,0x00000000e6380000)
  from space 37888K, 31% used [0x00000000e8680000,0x00000000e923f408,0x00000000eab80000)
  to   space 35840K, 0% used [0x00000000e6380000,0x00000000e6380000,0x00000000e8680000)
 ParOldGen       total 98304K, used 93473K [0x0000000080000000, 0x0000000086000000, 0x00000000d5580000)
  object space 98304K, 95% used [0x0000000080000000,0x0000000085b484c0,0x0000000086000000)
 Metaspace       used 70220K, capacity 73887K, committed 74008K, reserved 1114112K
  class space    used 9605K, capacity 10281K, committed 10288K, reserved 1048576K
}
Event: 41.890 GC heap before
{Heap before GC invocations=20 (full 4):
 PSYoungGen      total 314368K, used 12029K [0x00000000d5580000, 0x00000000eb800000, 0x0000000100000000)
  eden space 276480K, 0% used [0x00000000d5580000,0x00000000d5580000,0x00000000e6380000)
  from space 37888K, 31% used [0x00000000e8680000,0x00000000e923f408,0x00000000eab80000)
  to   space 35840K, 0% used [0x00000000e6380000,0x00000000e6380000,0x00000000e8680000)
 ParOldGen       total 98304K, used 93473K [0x0000000080000000, 0x0000000086000000, 0x00000000d5580000)
  object space 98304K, 95% used [0x0000000080000000,0x0000000085b484c0,0x0000000086000000)
 Metaspace       used 70220K, capacity 73887K, committed 74008K, reserved 1114112K
  class space    used 9605K, capacity 10281K, committed 10288K, reserved 1048576K
Event: 42.081 GC heap after
Heap after GC invocations=20 (full 4):
 PSYoungGen      total 314368K, used 0K [0x00000000d5580000, 0x00000000eb800000, 0x0000000100000000)
  eden space 276480K, 0% used [0x00000000d5580000,0x00000000d5580000,0x00000000e6380000)
  from space 37888K, 0% used [0x00000000e8680000,0x00000000e8680000,0x00000000eab80000)
  to   space 35840K, 0% used [0x00000000e6380000,0x00000000e6380000,0x00000000e8680000)
 ParOldGen       total 153088K, used 51641K [0x0000000080000000, 0x0000000089580000, 0x00000000d5580000)
  object space 153088K, 33% used [0x0000000080000000,0x000000008326e4a0,0x0000000089580000)
 Metaspace       used 69960K, capacity 73123K, committed 74008K, reserved 1114112K
  class space    used 9523K, capacity 10137K, committed 10288K, reserved 1048576K
}
Event: 46.351 GC heap before
{Heap before GC invocations=21 (full 4):
 PSYoungGen      total 314368K, used 276480K [0x00000000d5580000, 0x00000000eb800000, 0x0000000100000000)
  eden space 276480K, 100% used [0x00000000d5580000,0x00000000e6380000,0x00000000e6380000)
  from space 37888K, 0% used [0x00000000e8680000,0x00000000e8680000,0x00000000eab80000)
  to   space 35840K, 0% used [0x00000000e6380000,0x00000000e6380000,0x00000000e8680000)
 ParOldGen       total 153088K, used 51641K [0x0000000080000000, 0x0000000089580000, 0x00000000d5580000)
  object space 153088K, 33% used [0x0000000080000000,0x000000008326e4a0,0x0000000089580000)
 Metaspace       used 72801K, capacity 76325K, committed 76568K, reserved 1116160K
  class space    used 9868K, capacity 10512K, committed 10544K, reserved 1048576K
Event: 46.384 GC heap after
Heap after GC invocations=21 (full 4):
 PSYoungGen      total 312320K, used 18310K [0x00000000d5580000, 0x00000000ece00000, 0x0000000100000000)
  eden space 276480K, 0% used [0x00000000d5580000,0x00000000d5580000,0x00000000e6380000)
  from space 35840K, 51% used [0x00000000e6380000,0x00000000e7561bc8,0x00000000e8680000)
  to   space 35328K, 0% used [0x00000000eab80000,0x00000000eab80000,0x00000000ece00000)
 ParOldGen       total 153088K, used 51649K [0x0000000080000000, 0x0000000089580000, 0x00000000d5580000)
  object space 153088K, 33% used [0x0000000080000000,0x00000000832704a0,0x0000000089580000)
 Metaspace       used 72801K, capacity 76325K, committed 76568K, reserved 1116160K
  class space    used 9868K, capacity 10512K, committed 10544K, reserved 1048576K
}
Event: 49.120 GC heap before
{Heap before GC invocations=22 (full 4):
 PSYoungGen      total 312320K, used 294790K [0x00000000d5580000, 0x00000000ece00000, 0x0000000100000000)
  eden space 276480K, 100% used [0x00000000d5580000,0x00000000e6380000,0x00000000e6380000)
  from space 35840K, 51% used [0x00000000e6380000,0x00000000e7561bc8,0x00000000e8680000)
  to   space 35328K, 0% used [0x00000000eab80000,0x00000000eab80000,0x00000000ece00000)
 ParOldGen       total 153088K, used 51649K [0x0000000080000000, 0x0000000089580000, 0x00000000d5580000)
  object space 153088K, 33% used [0x0000000080000000,0x00000000832704a0,0x0000000089580000)
 Metaspace       used 81591K, capacity 86667K, committed 86808K, reserved 1124352K
  class space    used 11285K, capacity 12209K, committed 12336K, reserved 1048576K
Event: 49.219 GC heap after
Heap after GC invocations=22 (full 4):
 PSYoungGen      total 338432K, used 35326K [0x00000000d5580000, 0x00000000eee80000, 0x0000000100000000)
  eden space 303104K, 0% used [0x00000000d5580000,0x00000000d5580000,0x00000000e7d80000)
  from space 35328K, 99% used [0x00000000eab80000,0x00000000ecdff998,0x00000000ece00000)
  to   space 47104K, 0% used [0x00000000e7d80000,0x00000000e7d80000,0x00000000eab80000)
 ParOldGen       total 153088K, used 67733K [0x0000000080000000, 0x0000000089580000, 0x00000000d5580000)
  object space 153088K, 44% used [0x0000000080000000,0x00000000842255e0,0x0000000089580000)
 Metaspace       used 81591K, capacity 86667K, committed 86808K, reserved 1124352K
  class space    used 11285K, capacity 12209K, committed 12336K, reserved 1048576K
}
Event: 51.577 GC heap before
{Heap before GC invocations=23 (full 4):
 PSYoungGen      total 338432K, used 338430K [0x00000000d5580000, 0x00000000eee80000, 0x0000000100000000)
  eden space 303104K, 100% used [0x00000000d5580000,0x00000000e7d80000,0x00000000e7d80000)
  from space 35328K, 99% used [0x00000000eab80000,0x00000000ecdff998,0x00000000ece00000)
  to   space 47104K, 0% used [0x00000000e7d80000,0x00000000e7d80000,0x00000000eab80000)
 ParOldGen       total 153088K, used 67733K [0x0000000080000000, 0x0000000089580000, 0x00000000d5580000)
  object space 153088K, 44% used [0x0000000080000000,0x00000000842255e0,0x0000000089580000)
 Metaspace       used 82732K, capacity 87827K, committed 88088K, reserved 1124352K
  class space    used 11362K, capacity 12293K, committed 12336K, reserved 1048576K
Event: 51.643 GC heap after
Heap after GC invocations=23 (full 4):
 PSYoungGen      total 350208K, used 31174K [0x00000000d5580000, 0x00000000f1500000, 0x0000000100000000)
  eden space 303104K, 0% used [0x00000000d5580000,0x00000000d5580000,0x00000000e7d80000)
  from space 47104K, 66% used [0x00000000e7d80000,0x00000000e9bf1be8,0x00000000eab80000)
  to   space 49152K, 0% used [0x00000000ee500000,0x00000000ee500000,0x00000000f1500000)
 ParOldGen       total 153088K, used 75477K [0x0000000080000000, 0x0000000089580000, 0x00000000d5580000)
  object space 153088K, 49% used [0x0000000080000000,0x00000000849b5540,0x0000000089580000)
 Metaspace       used 82732K, capacity 87827K, committed 88088K, reserved 1124352K
  class space    used 11362K, capacity 12293K, committed 12336K, reserved 1048576K
}

