# JRE version: OpenJDK Runtime Environment (8.0_242-b01) (build 1.8.0_242-release-1644-b01)
# Java VM: OpenJDK 64-Bit Server VM (25.242-b01 mixed mode windows-amd64 compressed oops)
Heap:
 PSYoungGen      total 208384K, used 6989K [0x00000000d5580000, 0x00000000e7900000, 0x0000000100000000)
  eden space 188928K, 3% used [0x00000000d5580000,0x00000000d5c53500,0x00000000e0e00000)
  from space 19456K, 0% used [0x00000000e0e00000,0x00000000e0e00000,0x00000000e2100000)
  to   space 19456K, 0% used [0x00000000e6600000,0x00000000e6600000,0x00000000e7900000)
 ParOldGen       total 91136K, used 32380K [0x0000000080000000, 0x0000000085900000, 0x00000000d5580000)
  object space 91136K, 35% used [0x0000000080000000,0x0000000081f9f088,0x0000000085900000)
 Metaspace       used 56793K, capacity 59130K, committed 59608K, reserved 1101824K
  class space    used 7504K, capacity 8007K, committed 8152K, reserved 1048576K
GC Heap History (10 events):
Event: 19.502 GC heap before
{Heap before GC invocations=12 (full 2):
 PSYoungGen      total 154624K, used 10751K [0x00000000d5580000, 0x00000000dfa80000, 0x0000000100000000)
  eden space 143872K, 0% used [0x00000000d5580000,0x00000000d5580000,0x00000000de200000)
  from space 10752K, 99% used [0x00000000dee00000,0x00000000df87fcd8,0x00000000df880000)
  to   space 12288K, 0% used [0x00000000de200000,0x00000000de200000,0x00000000dee00000)
 ParOldGen       total 37376K, used 8962K [0x0000000080000000, 0x0000000082480000, 0x00000000d5580000)
  object space 37376K, 23% used [0x0000000080000000,0x00000000808c08f8,0x0000000082480000)
 Metaspace       used 34064K, capacity 35338K, committed 35416K, reserved 1079296K
  class space    used 4597K, capacity 4911K, committed 4952K, reserved 1048576K
Event: 19.573 GC heap after
Heap after GC invocations=12 (full 2):
 PSYoungGen      total 154624K, used 0K [0x00000000d5580000, 0x00000000dfa80000, 0x0000000100000000)
  eden space 143872K, 0% used [0x00000000d5580000,0x00000000d5580000,0x00000000de200000)
  from space 10752K, 0% used [0x00000000dee00000,0x00000000dee00000,0x00000000df880000)
  to   space 12288K, 0% used [0x00000000de200000,0x00000000de200000,0x00000000dee00000)
 ParOldGen       total 58880K, used 17473K [0x0000000080000000, 0x0000000083980000, 0x00000000d5580000)
  object space 58880K, 29% used [0x0000000080000000,0x0000000081110760,0x0000000083980000)
 Metaspace       used 34064K, capacity 35338K, committed 35416K, reserved 1079296K
  class space    used 4597K, capacity 4911K, committed 4952K, reserved 1048576K
}
Event: 22.067 GC heap before
{Heap before GC invocations=13 (full 2):
 PSYoungGen      total 154624K, used 143872K [0x00000000d5580000, 0x00000000dfa80000, 0x0000000100000000)
  eden space 143872K, 100% used [0x00000000d5580000,0x00000000de200000,0x00000000de200000)
  from space 10752K, 0% used [0x00000000dee00000,0x00000000dee00000,0x00000000df880000)
  to   space 12288K, 0% used [0x00000000de200000,0x00000000de200000,0x00000000dee00000)
 ParOldGen       total 58880K, used 17473K [0x0000000080000000, 0x0000000083980000, 0x00000000d5580000)
  object space 58880K, 29% used [0x0000000080000000,0x0000000081110760,0x0000000083980000)
 Metaspace       used 40412K, capacity 42382K, committed 42584K, reserved 1085440K
  class space    used 5508K, capacity 5890K, committed 5976K, reserved 1048576K
Event: 22.091 GC heap after
Heap after GC invocations=13 (full 2):
 PSYoungGen      total 156160K, used 11687K [0x00000000d5580000, 0x00000000e2e80000, 0x0000000100000000)
  eden space 143872K, 0% used [0x00000000d5580000,0x00000000d5580000,0x00000000de200000)
  from space 12288K, 95% used [0x00000000de200000,0x00000000ded69ec8,0x00000000dee00000)
  to   space 13824K, 0% used [0x00000000e2100000,0x00000000e2100000,0x00000000e2e80000)
 ParOldGen       total 58880K, used 17481K [0x0000000080000000, 0x0000000083980000, 0x00000000d5580000)
  object space 58880K, 29% used [0x0000000080000000,0x0000000081112760,0x0000000083980000)
 Metaspace       used 40412K, capacity 42382K, committed 42584K, reserved 1085440K
  class space    used 5508K, capacity 5890K, committed 5976K, reserved 1048576K
}
Event: 25.045 GC heap before
{Heap before GC invocations=14 (full 2):
 PSYoungGen      total 156160K, used 155559K [0x00000000d5580000, 0x00000000e2e80000, 0x0000000100000000)
  eden space 143872K, 100% used [0x00000000d5580000,0x00000000de200000,0x00000000de200000)
  from space 12288K, 95% used [0x00000000de200000,0x00000000ded69ec8,0x00000000dee00000)
  to   space 13824K, 0% used [0x00000000e2100000,0x00000000e2100000,0x00000000e2e80000)
 ParOldGen       total 58880K, used 17481K [0x0000000080000000, 0x0000000083980000, 0x00000000d5580000)
  object space 58880K, 29% used [0x0000000080000000,0x0000000081112760,0x0000000083980000)
 Metaspace       used 55211K, capacity 57614K, committed 57688K, reserved 1099776K
  class space    used 7290K, capacity 7758K, committed 7768K, reserved 1048576K
Event: 25.084 GC heap after
Heap after GC invocations=14 (full 2):
 PSYoungGen      total 202752K, used 13804K [0x00000000d5580000, 0x00000000e3780000, 0x0000000100000000)
  eden space 188928K, 0% used [0x00000000d5580000,0x00000000d5580000,0x00000000e0e00000)
  from space 13824K, 99% used [0x00000000e2100000,0x00000000e2e7b118,0x00000000e2e80000)
  to   space 19456K, 0% used [0x00000000e0e00000,0x00000000e0e00000,0x00000000e2100000)
 ParOldGen       total 58880K, used 28088K [0x0000000080000000, 0x0000000083980000, 0x00000000d5580000)
  object space 58880K, 47% used [0x0000000080000000,0x0000000081b6e120,0x0000000083980000)
 Metaspace       used 55211K, capacity 57614K, committed 57688K, reserved 1099776K
  class space    used 7290K, capacity 7758K, committed 7768K, reserved 1048576K
}
Event: 25.606 GC heap before
{Heap before GC invocations=15 (full 2):
 PSYoungGen      total 202752K, used 54267K [0x00000000d5580000, 0x00000000e3780000, 0x0000000100000000)
  eden space 188928K, 21% used [0x00000000d5580000,0x00000000d7d03ec8,0x00000000e0e00000)
  from space 13824K, 99% used [0x00000000e2100000,0x00000000e2e7b118,0x00000000e2e80000)
  to   space 19456K, 0% used [0x00000000e0e00000,0x00000000e0e00000,0x00000000e2100000)
 ParOldGen       total 58880K, used 28088K [0x0000000080000000, 0x0000000083980000, 0x00000000d5580000)
  object space 58880K, 47% used [0x0000000080000000,0x0000000081b6e120,0x0000000083980000)
 Metaspace       used 56477K, capacity 58912K, committed 58968K, reserved 1099776K
  class space    used 7473K, capacity 7972K, committed 8024K, reserved 1048576K
Event: 25.628 GC heap after
Heap after GC invocations=15 (full 2):
 PSYoungGen      total 208384K, used 4297K [0x00000000d5580000, 0x00000000e7900000, 0x0000000100000000)
  eden space 188928K, 0% used [0x00000000d5580000,0x00000000d5580000,0x00000000e0e00000)
  from space 19456K, 22% used [0x00000000e0e00000,0x00000000e1232648,0x00000000e2100000)
  to   space 19456K, 0% used [0x00000000e6600000,0x00000000e6600000,0x00000000e7900000)
 ParOldGen       total 58880K, used 36155K [0x0000000080000000, 0x0000000083980000, 0x00000000d5580000)
  object space 58880K, 61% used [0x0000000080000000,0x000000008234ee30,0x0000000083980000)
 Metaspace       used 56477K, capacity 58912K, committed 58968K, reserved 1099776K
  class space    used 7473K, capacity 7972K, committed 8024K, reserved 1048576K
}
Event: 25.628 GC heap before
{Heap before GC invocations=16 (full 3):
 PSYoungGen      total 208384K, used 4297K [0x00000000d5580000, 0x00000000e7900000, 0x0000000100000000)
  eden space 188928K, 0% used [0x00000000d5580000,0x00000000d5580000,0x00000000e0e00000)
  from space 19456K, 22% used [0x00000000e0e00000,0x00000000e1232648,0x00000000e2100000)
  to   space 19456K, 0% used [0x00000000e6600000,0x00000000e6600000,0x00000000e7900000)
 ParOldGen       total 58880K, used 36155K [0x0000000080000000, 0x0000000083980000, 0x00000000d5580000)
  object space 58880K, 61% used [0x0000000080000000,0x000000008234ee30,0x0000000083980000)
 Metaspace       used 56477K, capacity 58912K, committed 58968K, reserved 1099776K
  class space    used 7473K, capacity 7972K, committed 8024K, reserved 1048576K
Event: 25.944 GC heap after
Heap after GC invocations=16 (full 3):
 PSYoungGen      total 208384K, used 0K [0x00000000d5580000, 0x00000000e7900000, 0x0000000100000000)
  eden space 188928K, 0% used [0x00000000d5580000,0x00000000d5580000,0x00000000e0e00000)
  from space 19456K, 0% used [0x00000000e0e00000,0x00000000e0e00000,0x00000000e2100000)
  to   space 19456K, 0% used [0x00000000e6600000,0x00000000e6600000,0x00000000e7900000)
 ParOldGen       total 91136K, used 32380K [0x0000000080000000, 0x0000000085900000, 0x00000000d5580000)
  object space 91136K, 35% used [0x0000000080000000,0x0000000081f9f088,0x0000000085900000)
 Metaspace       used 56393K, capacity 58650K, committed 58968K, reserved 1099776K
  class space    used 7447K, capacity 7933K, committed 8024K, reserved 1048576K
}

