# JRE version: OpenJDK Runtime Environment (8.0_202-b08) (build 1.8.0_202-b08)
# Java VM: OpenJDK 64-Bit Server VM (25.202-b08 mixed mode windows-amd64 compressed oops)
Heap:
 PSYoungGen      total 66048K, used 19078K [0x00000000d5580000, 0x00000000dbc00000, 0x0000000100000000)
  eden space 57344K, 33% used [0x00000000d5580000,0x00000000d6821be8,0x00000000d8d80000)
  from space 8704K, 0% used [0x00000000d8d80000,0x00000000d8d80000,0x00000000d9600000)
  to   space 9216K, 0% used [0x00000000db300000,0x00000000db300000,0x00000000dbc00000)
 ParOldGen       total 55808K, used 13762K [0x0000000080000000, 0x0000000083680000, 0x00000000d5580000)
  object space 55808K, 24% used [0x0000000080000000,0x0000000080d70880,0x0000000083680000)
 Metaspace       used 35315K, capacity 36392K, committed 36736K, reserved 1081344K
  class space    used 4662K, capacity 4926K, committed 4992K, reserved 1048576K
GC Heap History (10 events):
Event: 26.759 GC heap before
{Heap before GC invocations=11 (full 1):
 PSYoungGen      total 38912K, used 36352K [0x00000000d5580000, 0x00000000d8a80000, 0x0000000100000000)
  eden space 36352K, 100% used [0x00000000d5580000,0x00000000d7900000,0x00000000d7900000)
  from space 2560K, 0% used [0x00000000d8000000,0x00000000d8000000,0x00000000d8280000)
  to   space 7680K, 0% used [0x00000000d8300000,0x00000000d8300000,0x00000000d8a80000)
 ParOldGen       total 37888K, used 7032K [0x0000000080000000, 0x0000000082500000, 0x00000000d5580000)
  object space 37888K, 18% used [0x0000000080000000,0x00000000806de210,0x0000000082500000)
 Metaspace       used 22295K, capacity 23248K, committed 23424K, reserved 1069056K
  class space    used 3149K, capacity 3392K, committed 3456K, reserved 1048576K
Event: 26.762 GC heap after
Heap after GC invocations=11 (full 1):
 PSYoungGen      total 46592K, used 3233K [0x00000000d5580000, 0x00000000d9a00000, 0x0000000100000000)
  eden space 38912K, 0% used [0x00000000d5580000,0x00000000d5580000,0x00000000d7b80000)
  from space 7680K, 42% used [0x00000000d8300000,0x00000000d86287f8,0x00000000d8a80000)
  to   space 7680K, 0% used [0x00000000d7b80000,0x00000000d7b80000,0x00000000d8300000)
 ParOldGen       total 37888K, used 7040K [0x0000000080000000, 0x0000000082500000, 0x00000000d5580000)
  object space 37888K, 18% used [0x0000000080000000,0x00000000806e0210,0x0000000082500000)
 Metaspace       used 22295K, capacity 23248K, committed 23424K, reserved 1069056K
  class space    used 3149K, capacity 3392K, committed 3456K, reserved 1048576K
}
Event: 27.636 GC heap before
{Heap before GC invocations=12 (full 1):
 PSYoungGen      total 46592K, used 42145K [0x00000000d5580000, 0x00000000d9a00000, 0x0000000100000000)
  eden space 38912K, 100% used [0x00000000d5580000,0x00000000d7b80000,0x00000000d7b80000)
  from space 7680K, 42% used [0x00000000d8300000,0x00000000d86287f8,0x00000000d8a80000)
  to   space 7680K, 0% used [0x00000000d7b80000,0x00000000d7b80000,0x00000000d8300000)
 ParOldGen       total 37888K, used 7040K [0x0000000080000000, 0x0000000082500000, 0x00000000d5580000)
  object space 37888K, 18% used [0x0000000080000000,0x00000000806e0210,0x0000000082500000)
 Metaspace       used 26822K, capacity 27820K, committed 27904K, reserved 1073152K
  class space    used 3766K, capacity 4032K, committed 4096K, reserved 1048576K
Event: 27.642 GC heap after
Heap after GC invocations=12 (full 1):
 PSYoungGen      total 46592K, used 4750K [0x00000000d5580000, 0x00000000d9d80000, 0x0000000100000000)
  eden space 38912K, 0% used [0x00000000d5580000,0x00000000d5580000,0x00000000d7b80000)
  from space 7680K, 61% used [0x00000000d7b80000,0x00000000d80238d0,0x00000000d8300000)
  to   space 7680K, 0% used [0x00000000d9600000,0x00000000d9600000,0x00000000d9d80000)
 ParOldGen       total 37888K, used 8627K [0x0000000080000000, 0x0000000082500000, 0x00000000d5580000)
  object space 37888K, 22% used [0x0000000080000000,0x000000008086cf60,0x0000000082500000)
 Metaspace       used 26822K, capacity 27820K, committed 27904K, reserved 1073152K
  class space    used 3766K, capacity 4032K, committed 4096K, reserved 1048576K
}
Event: 28.584 GC heap before
{Heap before GC invocations=13 (full 1):
 PSYoungGen      total 46592K, used 43148K [0x00000000d5580000, 0x00000000d9d80000, 0x0000000100000000)
  eden space 38912K, 98% used [0x00000000d5580000,0x00000000d7aff8e0,0x00000000d7b80000)
  from space 7680K, 61% used [0x00000000d7b80000,0x00000000d80238d0,0x00000000d8300000)
  to   space 7680K, 0% used [0x00000000d9600000,0x00000000d9600000,0x00000000d9d80000)
 ParOldGen       total 37888K, used 8627K [0x0000000080000000, 0x0000000082500000, 0x00000000d5580000)
  object space 37888K, 22% used [0x0000000080000000,0x000000008086cf60,0x0000000082500000)
 Metaspace       used 33471K, capacity 34510K, committed 34816K, reserved 1079296K
  class space    used 4476K, capacity 4774K, committed 4864K, reserved 1048576K
Event: 28.591 GC heap after
Heap after GC invocations=13 (full 1):
 PSYoungGen      total 65024K, used 7677K [0x00000000d5580000, 0x00000000d9f80000, 0x0000000100000000)
  eden space 57344K, 0% used [0x00000000d5580000,0x00000000d5580000,0x00000000d8d80000)
  from space 7680K, 99% used [0x00000000d9600000,0x00000000d9d7f510,0x00000000d9d80000)
  to   space 8704K, 0% used [0x00000000d8d80000,0x00000000d8d80000,0x00000000d9600000)
 ParOldGen       total 37888K, used 10106K [0x0000000080000000, 0x0000000082500000, 0x00000000d5580000)
  object space 37888K, 26% used [0x0000000080000000,0x00000000809de850,0x0000000082500000)
 Metaspace       used 33471K, capacity 34510K, committed 34816K, reserved 1079296K
  class space    used 4476K, capacity 4774K, committed 4864K, reserved 1048576K
}
Event: 29.001 GC heap before
{Heap before GC invocations=14 (full 1):
 PSYoungGen      total 65024K, used 15772K [0x00000000d5580000, 0x00000000d9f80000, 0x0000000100000000)
  eden space 57344K, 14% used [0x00000000d5580000,0x00000000d5d67c98,0x00000000d8d80000)
  from space 7680K, 99% used [0x00000000d9600000,0x00000000d9d7f510,0x00000000d9d80000)
  to   space 8704K, 0% used [0x00000000d8d80000,0x00000000d8d80000,0x00000000d9600000)
 ParOldGen       total 37888K, used 10106K [0x0000000080000000, 0x0000000082500000, 0x00000000d5580000)
  object space 37888K, 26% used [0x0000000080000000,0x00000000809de850,0x0000000082500000)
 Metaspace       used 34358K, capacity 35336K, committed 35416K, reserved 1079296K
  class space    used 4510K, capacity 4792K, committed 4864K, reserved 1048576K
Event: 29.006 GC heap after
Heap after GC invocations=14 (full 1):
 PSYoungGen      total 66048K, used 839K [0x00000000d5580000, 0x00000000dbc00000, 0x0000000100000000)
  eden space 57344K, 0% used [0x00000000d5580000,0x00000000d5580000,0x00000000d8d80000)
  from space 8704K, 9% used [0x00000000d8d80000,0x00000000d8e51ed8,0x00000000d9600000)
  to   space 9216K, 0% used [0x00000000db300000,0x00000000db300000,0x00000000dbc00000)
 ParOldGen       total 37888K, used 13933K [0x0000000080000000, 0x0000000082500000, 0x00000000d5580000)
  object space 37888K, 36% used [0x0000000080000000,0x0000000080d9b740,0x0000000082500000)
 Metaspace       used 34358K, capacity 35336K, committed 35416K, reserved 1079296K
  class space    used 4510K, capacity 4792K, committed 4864K, reserved 1048576K
}
Event: 29.006 GC heap before
{Heap before GC invocations=15 (full 2):
 PSYoungGen      total 66048K, used 839K [0x00000000d5580000, 0x00000000dbc00000, 0x0000000100000000)
  eden space 57344K, 0% used [0x00000000d5580000,0x00000000d5580000,0x00000000d8d80000)
  from space 8704K, 9% used [0x00000000d8d80000,0x00000000d8e51ed8,0x00000000d9600000)
  to   space 9216K, 0% used [0x00000000db300000,0x00000000db300000,0x00000000dbc00000)
 ParOldGen       total 37888K, used 13933K [0x0000000080000000, 0x0000000082500000, 0x00000000d5580000)
  object space 37888K, 36% used [0x0000000080000000,0x0000000080d9b740,0x0000000082500000)
 Metaspace       used 34358K, capacity 35336K, committed 35416K, reserved 1079296K
  class space    used 4510K, capacity 4792K, committed 4864K, reserved 1048576K
Event: 29.082 GC heap after
Heap after GC invocations=15 (full 2):
 PSYoungGen      total 66048K, used 0K [0x00000000d5580000, 0x00000000dbc00000, 0x0000000100000000)
  eden space 57344K, 0% used [0x00000000d5580000,0x00000000d5580000,0x00000000d8d80000)
  from space 8704K, 0% used [0x00000000d8d80000,0x00000000d8d80000,0x00000000d9600000)
  to   space 9216K, 0% used [0x00000000db300000,0x00000000db300000,0x00000000dbc00000)
 ParOldGen       total 55808K, used 13762K [0x0000000080000000, 0x0000000083680000, 0x00000000d5580000)
  object space 55808K, 24% used [0x0000000080000000,0x0000000080d70880,0x0000000083680000)
 Metaspace       used 34338K, capacity 35312K, committed 35416K, reserved 1079296K
  class space    used 4503K, capacity 4784K, committed 4864K, reserved 1048576K
}

