# JRE version: OpenJDK Runtime Environment (11.0.11+9) (build 11.0.11+9-b60-7590822)
# Java VM: OpenJDK 64-Bit Server VM (11.0.11+9-b60-7590822, mixed mode, tiered, compressed oops, g1 gc, windows-amd64)
Heap:
 garbage-first heap   total 118784K, used 80239K [0x0000000080000000, 0x0000000100000000)
  region size 1024K, 17 young (17408K), 4 survivors (4096K)
 Metaspace       used 79363K, capacity 81306K, committed 81404K, reserved 1120256K
  class space    used 10418K, capacity 11110K, committed 11136K, reserved 1048576K
GC Heap History (20 events):
Event: 16.360 GC heap before
{Heap before GC invocations=17 (full 0):
 garbage-first heap   total 98304K, used 76437K [0x0000000080000000, 0x0000000100000000)
  region size 1024K, 31 young (31744K), 5 survivors (5120K)
 Metaspace       used 63671K, capacity 65251K, committed 65404K, reserved 1105920K
  class space    used 8071K, capacity 8631K, committed 8704K, reserved 1048576K
}
Event: 16.368 GC heap after
{Heap after GC invocations=18 (full 0):
 garbage-first heap   total 98304K, used 52748K [0x0000000080000000, 0x0000000100000000)
  region size 1024K, 2 young (2048K), 2 survivors (2048K)
 Metaspace       used 63671K, capacity 65251K, committed 65404K, reserved 1105920K
  class space    used 8071K, capacity 8631K, committed 8704K, reserved 1048576K
}
Event: 16.855 GC heap before
{Heap before GC invocations=19 (full 0):
 garbage-first heap   total 98304K, used 80396K [0x0000000080000000, 0x0000000100000000)
  region size 1024K, 28 young (28672K), 2 survivors (2048K)
 Metaspace       used 64667K, capacity 66262K, committed 66300K, reserved 1107968K
  class space    used 8223K, capacity 8810K, committed 8832K, reserved 1048576K
}
Event: 16.860 GC heap after
{Heap after GC invocations=20 (full 0):
 garbage-first heap   total 98304K, used 54466K [0x0000000080000000, 0x0000000100000000)
  region size 1024K, 4 young (4096K), 4 survivors (4096K)
 Metaspace       used 64667K, capacity 66262K, committed 66300K, reserved 1107968K
  class space    used 8223K, capacity 8810K, committed 8832K, reserved 1048576K
}
Event: 17.125 GC heap before
{Heap before GC invocations=20 (full 0):
 garbage-first heap   total 98304K, used 80066K [0x0000000080000000, 0x0000000100000000)
  region size 1024K, 29 young (29696K), 4 survivors (4096K)
 Metaspace       used 64808K, capacity 66518K, committed 66684K, reserved 1107968K
  class space    used 8243K, capacity 8853K, committed 8960K, reserved 1048576K
}
Event: 17.132 GC heap after
{Heap after GC invocations=21 (full 0):
 garbage-first heap   total 98304K, used 56423K [0x0000000080000000, 0x0000000100000000)
  region size 1024K, 4 young (4096K), 4 survivors (4096K)
 Metaspace       used 64808K, capacity 66518K, committed 66684K, reserved 1107968K
  class space    used 8243K, capacity 8853K, committed 8960K, reserved 1048576K
}
Event: 17.896 GC heap before
{Heap before GC invocations=22 (full 0):
 garbage-first heap   total 98304K, used 80999K [0x0000000080000000, 0x0000000100000000)
  region size 1024K, 28 young (28672K), 4 survivors (4096K)
 Metaspace       used 67975K, capacity 69707K, committed 69884K, reserved 1110016K
  class space    used 8763K, capacity 9340K, committed 9344K, reserved 1048576K
}
Event: 17.902 GC heap after
{Heap after GC invocations=23 (full 0):
 garbage-first heap   total 98304K, used 57798K [0x0000000080000000, 0x0000000100000000)
  region size 1024K, 4 young (4096K), 4 survivors (4096K)
 Metaspace       used 67975K, capacity 69707K, committed 69884K, reserved 1110016K
  class space    used 8763K, capacity 9340K, committed 9344K, reserved 1048576K
}
Event: 18.454 GC heap before
{Heap before GC invocations=23 (full 0):
 garbage-first heap   total 98304K, used 81350K [0x0000000080000000, 0x0000000100000000)
  region size 1024K, 27 young (27648K), 4 survivors (4096K)
 Metaspace       used 70156K, capacity 71851K, committed 72060K, reserved 1112064K
  class space    used 9090K, capacity 9686K, committed 9728K, reserved 1048576K
}
Event: 18.463 GC heap after
{Heap after GC invocations=24 (full 0):
 garbage-first heap   total 98304K, used 59529K [0x0000000080000000, 0x0000000100000000)
  region size 1024K, 3 young (3072K), 3 survivors (3072K)
 Metaspace       used 70156K, capacity 71851K, committed 72060K, reserved 1112064K
  class space    used 9090K, capacity 9686K, committed 9728K, reserved 1048576K
}
Event: 18.639 GC heap before
{Heap before GC invocations=25 (full 0):
 garbage-first heap   total 98304K, used 82057K [0x0000000080000000, 0x0000000100000000)
  region size 1024K, 25 young (25600K), 3 survivors (3072K)
 Metaspace       used 70540K, capacity 72336K, committed 72444K, reserved 1112064K
  class space    used 9152K, capacity 9761K, committed 9856K, reserved 1048576K
}
Event: 18.643 GC heap after
{Heap after GC invocations=26 (full 0):
 garbage-first heap   total 98304K, used 61206K [0x0000000080000000, 0x0000000100000000)
  region size 1024K, 4 young (4096K), 4 survivors (4096K)
 Metaspace       used 70540K, capacity 72336K, committed 72444K, reserved 1112064K
  class space    used 9152K, capacity 9761K, committed 9856K, reserved 1048576K
}
Event: 18.991 GC heap before
{Heap before GC invocations=26 (full 0):
 garbage-first heap   total 98304K, used 81686K [0x0000000080000000, 0x0000000100000000)
  region size 1024K, 24 young (24576K), 4 survivors (4096K)
 Metaspace       used 71503K, capacity 73208K, committed 73340K, reserved 1112064K
  class space    used 9294K, capacity 9898K, committed 9984K, reserved 1048576K
}
Event: 18.999 GC heap after
{Heap after GC invocations=27 (full 0):
 garbage-first heap   total 98304K, used 62724K [0x0000000080000000, 0x0000000100000000)
  region size 1024K, 3 young (3072K), 3 survivors (3072K)
 Metaspace       used 71503K, capacity 73208K, committed 73340K, reserved 1112064K
  class space    used 9294K, capacity 9898K, committed 9984K, reserved 1048576K
}
Event: 19.384 GC heap before
{Heap before GC invocations=28 (full 0):
 garbage-first heap   total 98304K, used 82180K [0x0000000080000000, 0x0000000100000000)
  region size 1024K, 22 young (22528K), 3 survivors (3072K)
 Metaspace       used 72919K, capacity 74702K, committed 74876K, reserved 1114112K
  class space    used 9490K, capacity 10131K, committed 10240K, reserved 1048576K
}
Event: 19.390 GC heap after
{Heap after GC invocations=29 (full 0):
 garbage-first heap   total 118784K, used 64253K [0x0000000080000000, 0x0000000100000000)
  region size 1024K, 2 young (2048K), 2 survivors (2048K)
 Metaspace       used 72919K, capacity 74702K, committed 74876K, reserved 1114112K
  class space    used 9490K, capacity 10131K, committed 10240K, reserved 1048576K
}
Event: 20.077 GC heap before
{Heap before GC invocations=29 (full 0):
 garbage-first heap   total 118784K, used 90877K [0x0000000080000000, 0x0000000100000000)
  region size 1024K, 28 young (28672K), 2 survivors (2048K)
 Metaspace       used 75561K, capacity 77422K, committed 77564K, reserved 1116160K
  class space    used 9894K, capacity 10537K, committed 10624K, reserved 1048576K
}
Event: 20.083 GC heap after
{Heap after GC invocations=30 (full 0):
 garbage-first heap   total 118784K, used 65507K [0x0000000080000000, 0x0000000100000000)
  region size 1024K, 3 young (3072K), 3 survivors (3072K)
 Metaspace       used 75561K, capacity 77422K, committed 77564K, reserved 1116160K
  class space    used 9894K, capacity 10537K, committed 10624K, reserved 1048576K
}
Event: 20.681 GC heap before
{Heap before GC invocations=31 (full 0):
 garbage-first heap   total 118784K, used 92131K [0x0000000080000000, 0x0000000100000000)
  region size 1024K, 29 young (29696K), 3 survivors (3072K)
 Metaspace       used 78163K, capacity 80082K, committed 80124K, reserved 1118208K
  class space    used 10200K, capacity 10863K, committed 10880K, reserved 1048576K
}
Event: 20.687 GC heap after
{Heap after GC invocations=32 (full 0):
 garbage-first heap   total 118784K, used 67951K [0x0000000080000000, 0x0000000100000000)
  region size 1024K, 4 young (4096K), 4 survivors (4096K)
 Metaspace       used 78163K, capacity 80082K, committed 80124K, reserved 1118208K
  class space    used 10200K, capacity 10863K, committed 10880K, reserved 1048576K
}

