# JRE version: OpenJDK Runtime Environment (8.0_202-b08) (build 1.8.0_202-b08)
# Java VM: OpenJDK 64-Bit Server VM (25.202-b08 mixed mode windows-amd64 compressed oops)
Heap:
 PSYoungGen      total 226816K, used 121579K [0x00000000d5580000, 0x00000000e4980000, 0x0000000100000000)
  eden space 210944K, 51% used [0x00000000d5580000,0x00000000dbf9acb0,0x00000000e2380000)
  from space 15872K, 81% used [0x00000000e3a00000,0x00000000e46a02a8,0x00000000e4980000)
  to   space 19456K, 0% used [0x00000000e2380000,0x00000000e2380000,0x00000000e3680000)
 ParOldGen       total 89600K, used 42477K [0x0000000080000000, 0x0000000085780000, 0x00000000d5580000)
  object space 89600K, 47% used [0x0000000080000000,0x000000008297b650,0x0000000085780000)
 Metaspace       used 71731K, capacity 75872K, committed 75992K, reserved 1116160K
  class space    used 9951K, capacity 10695K, committed 10752K, reserved 1048576K
GC Heap History (10 events):
Event: 15.060 GC heap before
{Heap before GC invocations=17 (full 2):
 PSYoungGen      total 139776K, used 139765K [0x00000000d5580000, 0x00000000df780000, 0x0000000100000000)
  eden space 130048K, 100% used [0x00000000d5580000,0x00000000dd480000,0x00000000dd480000)
  from space 9728K, 99% used [0x00000000de380000,0x00000000decfd410,0x00000000ded00000)
  to   space 15360K, 0% used [0x00000000dd480000,0x00000000dd480000,0x00000000de380000)
 ParOldGen       total 60416K, used 26159K [0x0000000080000000, 0x0000000083b00000, 0x00000000d5580000)
  object space 60416K, 43% used [0x0000000080000000,0x000000008198bdf0,0x0000000083b00000)
 Metaspace       used 56195K, capacity 58580K, committed 58840K, reserved 1099776K
  class space    used 7661K, capacity 8168K, committed 8192K, reserved 1048576K
Event: 15.083 GC heap after
Heap after GC invocations=17 (full 2):
 PSYoungGen      total 145408K, used 14279K [0x00000000d5580000, 0x00000000e1980000, 0x0000000100000000)
  eden space 130048K, 0% used [0x00000000d5580000,0x00000000d5580000,0x00000000dd480000)
  from space 15360K, 92% used [0x00000000dd480000,0x00000000de271e50,0x00000000de380000)
  to   space 17408K, 0% used [0x00000000e0880000,0x00000000e0880000,0x00000000e1980000)
 ParOldGen       total 60416K, used 34788K [0x0000000080000000, 0x0000000083b00000, 0x00000000d5580000)
  object space 60416K, 57% used [0x0000000080000000,0x00000000821f90e8,0x0000000083b00000)
 Metaspace       used 56195K, capacity 58580K, committed 58840K, reserved 1099776K
  class space    used 7661K, capacity 8168K, committed 8192K, reserved 1048576K
}
Event: 15.132 GC heap before
{Heap before GC invocations=18 (full 2):
 PSYoungGen      total 145408K, used 16732K [0x00000000d5580000, 0x00000000e1980000, 0x0000000100000000)
  eden space 130048K, 1% used [0x00000000d5580000,0x00000000d57e5348,0x00000000dd480000)
  from space 15360K, 92% used [0x00000000dd480000,0x00000000de271e50,0x00000000de380000)
  to   space 17408K, 0% used [0x00000000e0880000,0x00000000e0880000,0x00000000e1980000)
 ParOldGen       total 60416K, used 34788K [0x0000000080000000, 0x0000000083b00000, 0x00000000d5580000)
  object space 60416K, 57% used [0x0000000080000000,0x00000000821f90e8,0x0000000083b00000)
 Metaspace       used 56409K, capacity 58816K, committed 58968K, reserved 1099776K
  class space    used 7703K, capacity 8202K, committed 8320K, reserved 1048576K
Event: 15.160 GC heap after
Heap after GC invocations=18 (full 2):
 PSYoungGen      total 183808K, used 9152K [0x00000000d5580000, 0x00000000e3680000, 0x0000000100000000)
  eden space 166400K, 0% used [0x00000000d5580000,0x00000000d5580000,0x00000000df800000)
  from space 17408K, 52% used [0x00000000e0880000,0x00000000e1170000,0x00000000e1980000)
  to   space 16896K, 0% used [0x00000000df800000,0x00000000df800000,0x00000000e0880000)
 ParOldGen       total 60416K, used 34796K [0x0000000080000000, 0x0000000083b00000, 0x00000000d5580000)
  object space 60416K, 57% used [0x0000000080000000,0x00000000821fb0e8,0x0000000083b00000)
 Metaspace       used 56409K, capacity 58816K, committed 58968K, reserved 1099776K
  class space    used 7703K, capacity 8202K, committed 8320K, reserved 1048576K
}
Event: 15.160 GC heap before
{Heap before GC invocations=19 (full 3):
 PSYoungGen      total 183808K, used 9152K [0x00000000d5580000, 0x00000000e3680000, 0x0000000100000000)
  eden space 166400K, 0% used [0x00000000d5580000,0x00000000d5580000,0x00000000df800000)
  from space 17408K, 52% used [0x00000000e0880000,0x00000000e1170000,0x00000000e1980000)
  to   space 16896K, 0% used [0x00000000df800000,0x00000000df800000,0x00000000e0880000)
 ParOldGen       total 60416K, used 34796K [0x0000000080000000, 0x0000000083b00000, 0x00000000d5580000)
  object space 60416K, 57% used [0x0000000080000000,0x00000000821fb0e8,0x0000000083b00000)
 Metaspace       used 56409K, capacity 58816K, committed 58968K, reserved 1099776K
  class space    used 7703K, capacity 8202K, committed 8320K, reserved 1048576K
Event: 15.383 GC heap after
Heap after GC invocations=19 (full 3):
 PSYoungGen      total 183808K, used 0K [0x00000000d5580000, 0x00000000e3680000, 0x0000000100000000)
  eden space 166400K, 0% used [0x00000000d5580000,0x00000000d5580000,0x00000000df800000)
  from space 17408K, 0% used [0x00000000e0880000,0x00000000e0880000,0x00000000e1980000)
  to   space 16896K, 0% used [0x00000000df800000,0x00000000df800000,0x00000000e0880000)
 ParOldGen       total 89600K, used 32450K [0x0000000080000000, 0x0000000085780000, 0x00000000d5580000)
  object space 89600K, 36% used [0x0000000080000000,0x0000000081fb0b98,0x0000000085780000)
 Metaspace       used 56360K, capacity 58648K, committed 58968K, reserved 1099776K
  class space    used 7688K, capacity 8174K, committed 8320K, reserved 1048576K
}
Event: 17.833 GC heap before
{Heap before GC invocations=20 (full 3):
 PSYoungGen      total 183808K, used 166400K [0x00000000d5580000, 0x00000000e3680000, 0x0000000100000000)
  eden space 166400K, 100% used [0x00000000d5580000,0x00000000df800000,0x00000000df800000)
  from space 17408K, 0% used [0x00000000e0880000,0x00000000e0880000,0x00000000e1980000)
  to   space 16896K, 0% used [0x00000000df800000,0x00000000df800000,0x00000000e0880000)
 ParOldGen       total 89600K, used 32450K [0x0000000080000000, 0x0000000085780000, 0x00000000d5580000)
  object space 89600K, 36% used [0x0000000080000000,0x0000000081fb0b98,0x0000000085780000)
 Metaspace       used 63587K, capacity 66636K, committed 66776K, reserved 1105920K
  class space    used 8809K, capacity 9417K, committed 9472K, reserved 1048576K
Event: 17.848 GC heap after
Heap after GC invocations=20 (full 3):
 PSYoungGen      total 183296K, used 15402K [0x00000000d5580000, 0x00000000e4c80000, 0x0000000100000000)
  eden space 166400K, 0% used [0x00000000d5580000,0x00000000d5580000,0x00000000df800000)
  from space 16896K, 91% used [0x00000000df800000,0x00000000e070a820,0x00000000e0880000)
  to   space 18944K, 0% used [0x00000000e3a00000,0x00000000e3a00000,0x00000000e4c80000)
 ParOldGen       total 89600K, used 32458K [0x0000000080000000, 0x0000000085780000, 0x00000000d5580000)
  object space 89600K, 36% used [0x0000000080000000,0x0000000081fb2b98,0x0000000085780000)
 Metaspace       used 63587K, capacity 66636K, committed 66776K, reserved 1105920K
  class space    used 8809K, capacity 9417K, committed 9472K, reserved 1048576K
}
Event: 28.725 GC heap before
{Heap before GC invocations=21 (full 3):
 PSYoungGen      total 183296K, used 181802K [0x00000000d5580000, 0x00000000e4c80000, 0x0000000100000000)
  eden space 166400K, 100% used [0x00000000d5580000,0x00000000df800000,0x00000000df800000)
  from space 16896K, 91% used [0x00000000df800000,0x00000000e070a820,0x00000000e0880000)
  to   space 18944K, 0% used [0x00000000e3a00000,0x00000000e3a00000,0x00000000e4c80000)
 ParOldGen       total 89600K, used 32458K [0x0000000080000000, 0x0000000085780000, 0x00000000d5580000)
  object space 89600K, 36% used [0x0000000080000000,0x0000000081fb2b98,0x0000000085780000)
 Metaspace       used 68367K, capacity 71656K, committed 72024K, reserved 1112064K
  class space    used 9397K, capacity 10029K, committed 10112K, reserved 1048576K
Event: 28.766 GC heap after
Heap after GC invocations=21 (full 3):
 PSYoungGen      total 226816K, used 12928K [0x00000000d5580000, 0x00000000e4980000, 0x0000000100000000)
  eden space 210944K, 0% used [0x00000000d5580000,0x00000000d5580000,0x00000000e2380000)
  from space 15872K, 81% used [0x00000000e3a00000,0x00000000e46a02a8,0x00000000e4980000)
  to   space 19456K, 0% used [0x00000000e2380000,0x00000000e2380000,0x00000000e3680000)
 ParOldGen       total 89600K, used 42477K [0x0000000080000000, 0x0000000085780000, 0x00000000d5580000)
  object space 89600K, 47% used [0x0000000080000000,0x000000008297b650,0x0000000085780000)
 Metaspace       used 68367K, capacity 71656K, committed 72024K, reserved 1112064K
  class space    used 9397K, capacity 10029K, committed 10112K, reserved 1048576K
}

