# JRE version: OpenJDK Runtime Environment (8.0_242-b01) (build 1.8.0_242-release-1644-b01)
# Java VM: OpenJDK 64-Bit Server VM (25.242-b01 mixed mode windows-amd64 compressed oops)
Heap:
 PSYoungGen      total 274432K, used 138594K [0x00000000d5580000, 0x00000000e8380000, 0x0000000100000000)
  eden space 257536K, 53% used [0x00000000d5580000,0x00000000ddcd8820,0x00000000e5100000)
  from space 16896K, 0% used [0x00000000e6280000,0x00000000e6280000,0x00000000e7300000)
  to   space 13824K, 0% used [0x00000000e7600000,0x00000000e7600000,0x00000000e8380000)
 ParOldGen       total 58368K, used 36404K [0x0000000080000000, 0x0000000083900000, 0x00000000d5580000)
  object space 58368K, 62% used [0x0000000080000000,0x000000008238d128,0x0000000083900000)
 Metaspace       used 64249K, capacity 66924K, committed 67032K, reserved 1107968K
  class space    used 8590K, capacity 9137K, committed 9216K, reserved 1048576K
GC Heap History (10 events):
Event: 21.911 GC heap before
{Heap before GC invocations=10 (full 1):
 PSYoungGen      total 194048K, used 89001K [0x00000000d5580000, 0x00000000e2680000, 0x0000000100000000)
  eden space 183808K, 42% used [0x00000000d5580000,0x00000000da26cc60,0x00000000e0900000)
  from space 10240K, 99% used [0x00000000e1c80000,0x00000000e267da78,0x00000000e2680000)
  to   space 12288K, 0% used [0x00000000e0e80000,0x00000000e0e80000,0x00000000e1a80000)
 ParOldGen       total 38400K, used 8385K [0x0000000080000000, 0x0000000082580000, 0x00000000d5580000)
  object space 38400K, 21% used [0x0000000080000000,0x0000000080830770,0x0000000082580000)
 Metaspace       used 34048K, capacity 35366K, committed 35416K, reserved 1079296K
  class space    used 4601K, capacity 4943K, committed 4992K, reserved 1048576K
Event: 21.932 GC heap after
Heap after GC invocations=10 (full 1):
 PSYoungGen      total 201728K, used 11139K [0x00000000d5580000, 0x00000000e8380000, 0x0000000100000000)
  eden space 189440K, 0% used [0x00000000d5580000,0x00000000d5580000,0x00000000e0e80000)
  from space 12288K, 90% used [0x00000000e0e80000,0x00000000e1960ca0,0x00000000e1a80000)
  to   space 13824K, 0% used [0x00000000e7600000,0x00000000e7600000,0x00000000e8380000)
 ParOldGen       total 38400K, used 8393K [0x0000000080000000, 0x0000000082580000, 0x00000000d5580000)
  object space 38400K, 21% used [0x0000000080000000,0x0000000080832770,0x0000000082580000)
 Metaspace       used 34048K, capacity 35366K, committed 35416K, reserved 1079296K
  class space    used 4601K, capacity 4943K, committed 4992K, reserved 1048576K
}
Event: 21.932 GC heap before
{Heap before GC invocations=11 (full 2):
 PSYoungGen      total 201728K, used 11139K [0x00000000d5580000, 0x00000000e8380000, 0x0000000100000000)
  eden space 189440K, 0% used [0x00000000d5580000,0x00000000d5580000,0x00000000e0e80000)
  from space 12288K, 90% used [0x00000000e0e80000,0x00000000e1960ca0,0x00000000e1a80000)
  to   space 13824K, 0% used [0x00000000e7600000,0x00000000e7600000,0x00000000e8380000)
 ParOldGen       total 38400K, used 8393K [0x0000000080000000, 0x0000000082580000, 0x00000000d5580000)
  object space 38400K, 21% used [0x0000000080000000,0x0000000080832770,0x0000000082580000)
 Metaspace       used 34048K, capacity 35366K, committed 35416K, reserved 1079296K
  class space    used 4601K, capacity 4943K, committed 4992K, reserved 1048576K
Event: 22.012 GC heap after
Heap after GC invocations=11 (full 2):
 PSYoungGen      total 201728K, used 0K [0x00000000d5580000, 0x00000000e8380000, 0x0000000100000000)
  eden space 189440K, 0% used [0x00000000d5580000,0x00000000d5580000,0x00000000e0e80000)
  from space 12288K, 0% used [0x00000000e0e80000,0x00000000e0e80000,0x00000000e1a80000)
  to   space 13824K, 0% used [0x00000000e7600000,0x00000000e7600000,0x00000000e8380000)
 ParOldGen       total 58368K, used 17472K [0x0000000080000000, 0x0000000083900000, 0x00000000d5580000)
  object space 58368K, 29% used [0x0000000080000000,0x0000000081110210,0x0000000083900000)
 Metaspace       used 34048K, capacity 35366K, committed 35416K, reserved 1079296K
  class space    used 4601K, capacity 4943K, committed 4992K, reserved 1048576K
}
Event: 30.362 GC heap before
{Heap before GC invocations=12 (full 2):
 PSYoungGen      total 201728K, used 189440K [0x00000000d5580000, 0x00000000e8380000, 0x0000000100000000)
  eden space 189440K, 100% used [0x00000000d5580000,0x00000000e0e80000,0x00000000e0e80000)
  from space 12288K, 0% used [0x00000000e0e80000,0x00000000e0e80000,0x00000000e1a80000)
  to   space 13824K, 0% used [0x00000000e7600000,0x00000000e7600000,0x00000000e8380000)
 ParOldGen       total 58368K, used 17472K [0x0000000080000000, 0x0000000083900000, 0x00000000d5580000)
  object space 58368K, 29% used [0x0000000080000000,0x0000000081110210,0x0000000083900000)
 Metaspace       used 47369K, capacity 49342K, committed 49496K, reserved 1091584K
  class space    used 6317K, capacity 6721K, committed 6784K, reserved 1048576K
Event: 30.394 GC heap after
Heap after GC invocations=12 (full 2):
 PSYoungGen      total 271360K, used 13803K [0x00000000d5580000, 0x00000000e8380000, 0x0000000100000000)
  eden space 257536K, 0% used [0x00000000d5580000,0x00000000d5580000,0x00000000e5100000)
  from space 13824K, 99% used [0x00000000e7600000,0x00000000e837ad90,0x00000000e8380000)
  to   space 16896K, 0% used [0x00000000e6280000,0x00000000e6280000,0x00000000e7300000)
 ParOldGen       total 58368K, used 21065K [0x0000000080000000, 0x0000000083900000, 0x00000000d5580000)
  object space 58368K, 36% used [0x0000000080000000,0x00000000814924e0,0x0000000083900000)
 Metaspace       used 47369K, capacity 49342K, committed 49496K, reserved 1091584K
  class space    used 6317K, capacity 6721K, committed 6784K, reserved 1048576K
}
Event: 33.140 GC heap before
{Heap before GC invocations=13 (full 2):
 PSYoungGen      total 271360K, used 144761K [0x00000000d5580000, 0x00000000e8380000, 0x0000000100000000)
  eden space 257536K, 50% used [0x00000000d5580000,0x00000000dd563680,0x00000000e5100000)
  from space 13824K, 99% used [0x00000000e7600000,0x00000000e837ad90,0x00000000e8380000)
  to   space 16896K, 0% used [0x00000000e6280000,0x00000000e6280000,0x00000000e7300000)
 ParOldGen       total 58368K, used 21065K [0x0000000080000000, 0x0000000083900000, 0x00000000d5580000)
  object space 58368K, 36% used [0x0000000080000000,0x00000000814924e0,0x0000000083900000)
 Metaspace       used 56662K, capacity 58854K, committed 59028K, reserved 1099776K
  class space    used 7487K, capacity 7913K, committed 7936K, reserved 1048576K
Event: 33.168 GC heap after
Heap after GC invocations=13 (full 2):
 PSYoungGen      total 274432K, used 13541K [0x00000000d5580000, 0x00000000e8380000, 0x0000000100000000)
  eden space 257536K, 0% used [0x00000000d5580000,0x00000000d5580000,0x00000000e5100000)
  from space 16896K, 80% used [0x00000000e6280000,0x00000000e6fb94f8,0x00000000e7300000)
  to   space 13824K, 0% used [0x00000000e7600000,0x00000000e7600000,0x00000000e8380000)
 ParOldGen       total 58368K, used 30380K [0x0000000080000000, 0x0000000083900000, 0x00000000d5580000)
  object space 58368K, 52% used [0x0000000080000000,0x0000000081dab000,0x0000000083900000)
 Metaspace       used 56662K, capacity 58854K, committed 59028K, reserved 1099776K
  class space    used 7487K, capacity 7913K, committed 7936K, reserved 1048576K
}
Event: 33.168 GC heap before
{Heap before GC invocations=14 (full 3):
 PSYoungGen      total 274432K, used 13541K [0x00000000d5580000, 0x00000000e8380000, 0x0000000100000000)
  eden space 257536K, 0% used [0x00000000d5580000,0x00000000d5580000,0x00000000e5100000)
  from space 16896K, 80% used [0x00000000e6280000,0x00000000e6fb94f8,0x00000000e7300000)
  to   space 13824K, 0% used [0x00000000e7600000,0x00000000e7600000,0x00000000e8380000)
 ParOldGen       total 58368K, used 30380K [0x0000000080000000, 0x0000000083900000, 0x00000000d5580000)
  object space 58368K, 52% used [0x0000000080000000,0x0000000081dab000,0x0000000083900000)
 Metaspace       used 56662K, capacity 58854K, committed 59028K, reserved 1099776K
  class space    used 7487K, capacity 7913K, committed 7936K, reserved 1048576K
Event: 33.504 GC heap after
Heap after GC invocations=14 (full 3):
 PSYoungGen      total 274432K, used 0K [0x00000000d5580000, 0x00000000e8380000, 0x0000000100000000)
  eden space 257536K, 0% used [0x00000000d5580000,0x00000000d5580000,0x00000000e5100000)
  from space 16896K, 0% used [0x00000000e6280000,0x00000000e6280000,0x00000000e7300000)
  to   space 13824K, 0% used [0x00000000e7600000,0x00000000e7600000,0x00000000e8380000)
 ParOldGen       total 58368K, used 36404K [0x0000000080000000, 0x0000000083900000, 0x00000000d5580000)
  object space 58368K, 62% used [0x0000000080000000,0x000000008238d128,0x0000000083900000)
 Metaspace       used 56586K, capacity 58680K, committed 59028K, reserved 1099776K
  class space    used 7462K, capacity 7876K, committed 7936K, reserved 1048576K
}

