# JRE version: OpenJDK Runtime Environment (8.0_242-b01) (build 1.8.0_242-release-1644-b01)
# Java VM: OpenJDK 64-Bit Server VM (25.242-b01 mixed mode windows-amd64 compressed oops)
Heap:
 PSYoungGen      total 158720K, used 38393K [0x00000000d5580000, 0x00000000dfd00000, 0x0000000100000000)
  eden space 146944K, 18% used [0x00000000d5580000,0x00000000d6f86248,0x00000000de500000)
  from space 11776K, 99% used [0x00000000de500000,0x00000000df078210,0x00000000df080000)
  to   space 10752K, 0% used [0x00000000df080000,0x00000000df080000,0x00000000dfb00000)
 ParOldGen       total 57856K, used 16876K [0x0000000080000000, 0x0000000083880000, 0x00000000d5580000)
  object space 57856K, 29% used [0x0000000080000000,0x000000008107b238,0x0000000083880000)
 Metaspace       used 44659K, capacity 46536K, committed 46936K, reserved 1091584K
  class space    used 6061K, capacity 6432K, committed 6528K, reserved 1048576K
GC Heap History (10 events):
Event: 17.937 GC heap before
{Heap before GC invocations=9 (full 1):
 PSYoungGen      total 104448K, used 3503K [0x00000000d5580000, 0x00000000dc480000, 0x0000000100000000)
  eden space 96256K, 0% used [0x00000000d5580000,0x00000000d5580000,0x00000000db380000)
  from space 8192K, 42% used [0x00000000dbc80000,0x00000000dbfebfb0,0x00000000dc480000)
  to   space 8704K, 0% used [0x00000000db380000,0x00000000db380000,0x00000000dbc00000)
 ParOldGen       total 65536K, used 6974K [0x0000000080000000, 0x0000000084000000, 0x00000000d5580000)
  object space 65536K, 10% used [0x0000000080000000,0x00000000806cf950,0x0000000084000000)
 Metaspace       used 20556K, capacity 21192K, committed 21248K, reserved 1067008K
  class space    used 2855K, capacity 3044K, committed 3072K, reserved 1048576K
Event: 17.986 GC heap after
Heap after GC invocations=9 (full 1):
 PSYoungGen      total 104448K, used 0K [0x00000000d5580000, 0x00000000dc480000, 0x0000000100000000)
  eden space 96256K, 0% used [0x00000000d5580000,0x00000000d5580000,0x00000000db380000)
  from space 8192K, 0% used [0x00000000dbc80000,0x00000000dbc80000,0x00000000dc480000)
  to   space 8704K, 0% used [0x00000000db380000,0x00000000db380000,0x00000000dbc00000)
 ParOldGen       total 36864K, used 7004K [0x0000000080000000, 0x0000000082400000, 0x00000000d5580000)
  object space 36864K, 18% used [0x0000000080000000,0x00000000806d7000,0x0000000082400000)
 Metaspace       used 20556K, capacity 21192K, committed 21248K, reserved 1067008K
  class space    used 2855K, capacity 3044K, committed 3072K, reserved 1048576K
}
Event: 19.838 GC heap before
{Heap before GC invocations=10 (full 1):
 PSYoungGen      total 104448K, used 96256K [0x00000000d5580000, 0x00000000dc480000, 0x0000000100000000)
  eden space 96256K, 100% used [0x00000000d5580000,0x00000000db380000,0x00000000db380000)
  from space 8192K, 0% used [0x00000000dbc80000,0x00000000dbc80000,0x00000000dc480000)
  to   space 8704K, 0% used [0x00000000db380000,0x00000000db380000,0x00000000dbc00000)
 ParOldGen       total 36864K, used 7004K [0x0000000080000000, 0x0000000082400000, 0x00000000d5580000)
  object space 36864K, 18% used [0x0000000080000000,0x00000000806d7000,0x0000000082400000)
 Metaspace       used 30916K, capacity 31810K, committed 32128K, reserved 1077248K
  class space    used 4165K, capacity 4368K, committed 4480K, reserved 1048576K
Event: 19.858 GC heap after
Heap after GC invocations=10 (full 1):
 PSYoungGen      total 104960K, used 8688K [0x00000000d5580000, 0x00000000dfb00000, 0x0000000100000000)
  eden space 96256K, 0% used [0x00000000d5580000,0x00000000d5580000,0x00000000db380000)
  from space 8704K, 99% used [0x00000000db380000,0x00000000dbbfc1e0,0x00000000dbc00000)
  to   space 10752K, 0% used [0x00000000df080000,0x00000000df080000,0x00000000dfb00000)
 ParOldGen       total 36864K, used 9232K [0x0000000080000000, 0x0000000082400000, 0x00000000d5580000)
  object space 36864K, 25% used [0x0000000080000000,0x00000000809042c8,0x0000000082400000)
 Metaspace       used 30916K, capacity 31810K, committed 32128K, reserved 1077248K
  class space    used 4165K, capacity 4368K, committed 4480K, reserved 1048576K
}
Event: 21.039 GC heap before
{Heap before GC invocations=11 (full 1):
 PSYoungGen      total 104960K, used 76218K [0x00000000d5580000, 0x00000000dfb00000, 0x0000000100000000)
  eden space 96256K, 70% used [0x00000000d5580000,0x00000000d9772690,0x00000000db380000)
  from space 8704K, 99% used [0x00000000db380000,0x00000000dbbfc1e0,0x00000000dbc00000)
  to   space 10752K, 0% used [0x00000000df080000,0x00000000df080000,0x00000000dfb00000)
 ParOldGen       total 36864K, used 9232K [0x0000000080000000, 0x0000000082400000, 0x00000000d5580000)
  object space 36864K, 25% used [0x0000000080000000,0x00000000809042c8,0x0000000082400000)
 Metaspace       used 34240K, capacity 35380K, committed 35416K, reserved 1079296K
  class space    used 4706K, capacity 4969K, committed 4992K, reserved 1048576K
Event: 21.066 GC heap after
Heap after GC invocations=11 (full 1):
 PSYoungGen      total 157696K, used 9838K [0x00000000d5580000, 0x00000000dfd00000, 0x0000000100000000)
  eden space 146944K, 0% used [0x00000000d5580000,0x00000000d5580000,0x00000000de500000)
  from space 10752K, 91% used [0x00000000df080000,0x00000000dfa1b990,0x00000000dfb00000)
  to   space 11776K, 0% used [0x00000000de500000,0x00000000de500000,0x00000000df080000)
 ParOldGen       total 36864K, used 9240K [0x0000000080000000, 0x0000000082400000, 0x00000000d5580000)
  object space 36864K, 25% used [0x0000000080000000,0x00000000809062c8,0x0000000082400000)
 Metaspace       used 34240K, capacity 35380K, committed 35416K, reserved 1079296K
  class space    used 4706K, capacity 4969K, committed 4992K, reserved 1048576K
}
Event: 21.066 GC heap before
{Heap before GC invocations=12 (full 2):
 PSYoungGen      total 157696K, used 9838K [0x00000000d5580000, 0x00000000dfd00000, 0x0000000100000000)
  eden space 146944K, 0% used [0x00000000d5580000,0x00000000d5580000,0x00000000de500000)
  from space 10752K, 91% used [0x00000000df080000,0x00000000dfa1b990,0x00000000dfb00000)
  to   space 11776K, 0% used [0x00000000de500000,0x00000000de500000,0x00000000df080000)
 ParOldGen       total 36864K, used 9240K [0x0000000080000000, 0x0000000082400000, 0x00000000d5580000)
  object space 36864K, 25% used [0x0000000080000000,0x00000000809062c8,0x0000000082400000)
 Metaspace       used 34240K, capacity 35380K, committed 35416K, reserved 1079296K
  class space    used 4706K, capacity 4969K, committed 4992K, reserved 1048576K
Event: 21.149 GC heap after
Heap after GC invocations=12 (full 2):
 PSYoungGen      total 157696K, used 0K [0x00000000d5580000, 0x00000000dfd00000, 0x0000000100000000)
  eden space 146944K, 0% used [0x00000000d5580000,0x00000000d5580000,0x00000000de500000)
  from space 10752K, 0% used [0x00000000df080000,0x00000000df080000,0x00000000dfb00000)
  to   space 11776K, 0% used [0x00000000de500000,0x00000000de500000,0x00000000df080000)
 ParOldGen       total 57856K, used 16152K [0x0000000080000000, 0x0000000083880000, 0x00000000d5580000)
  object space 57856K, 27% used [0x0000000080000000,0x0000000080fc61f8,0x0000000083880000)
 Metaspace       used 34240K, capacity 35380K, committed 35416K, reserved 1079296K
  class space    used 4706K, capacity 4969K, committed 4992K, reserved 1048576K
}
Event: 23.899 GC heap before
{Heap before GC invocations=13 (full 2):
 PSYoungGen      total 157696K, used 146944K [0x00000000d5580000, 0x00000000dfd00000, 0x0000000100000000)
  eden space 146944K, 100% used [0x00000000d5580000,0x00000000de500000,0x00000000de500000)
  from space 10752K, 0% used [0x00000000df080000,0x00000000df080000,0x00000000dfb00000)
  to   space 11776K, 0% used [0x00000000de500000,0x00000000de500000,0x00000000df080000)
 ParOldGen       total 57856K, used 16152K [0x0000000080000000, 0x0000000083880000, 0x00000000d5580000)
  object space 57856K, 27% used [0x0000000080000000,0x0000000080fc61f8,0x0000000083880000)
 Metaspace       used 41521K, capacity 43294K, committed 43480K, reserved 1087488K
  class space    used 5676K, capacity 6027K, committed 6144K, reserved 1048576K
Event: 23.937 GC heap after
Heap after GC invocations=13 (full 2):
 PSYoungGen      total 158720K, used 11744K [0x00000000d5580000, 0x00000000dfd00000, 0x0000000100000000)
  eden space 146944K, 0% used [0x00000000d5580000,0x00000000d5580000,0x00000000de500000)
  from space 11776K, 99% used [0x00000000de500000,0x00000000df078210,0x00000000df080000)
  to   space 10752K, 0% used [0x00000000df080000,0x00000000df080000,0x00000000dfb00000)
 ParOldGen       total 57856K, used 16876K [0x0000000080000000, 0x0000000083880000, 0x00000000d5580000)
  object space 57856K, 29% used [0x0000000080000000,0x000000008107b238,0x0000000083880000)
 Metaspace       used 41521K, capacity 43294K, committed 43480K, reserved 1087488K
  class space    used 5676K, capacity 6027K, committed 6144K, reserved 1048576K
}

