# JRE version: OpenJDK Runtime Environment (8.0_242-b01) (build 1.8.0_242-release-1644-b01)
# Java VM: OpenJDK 64-Bit Server VM (25.242-b01 mixed mode windows-amd64 compressed oops)
Heap:
 PSYoungGen      total 504832K, used 426368K [0x00000000d5580000, 0x00000000f6680000, 0x0000000100000000)
  eden space 472064K, 87% used [0x00000000d5580000,0x00000000ee6be650,0x00000000f2280000)
  from space 32768K, 47% used [0x00000000f4680000,0x00000000f55a1ba8,0x00000000f6680000)
  to   space 34816K, 0% used [0x00000000f2280000,0x00000000f2280000,0x00000000f4480000)
 ParOldGen       total 164864K, used 80839K [0x0000000080000000, 0x000000008a100000, 0x00000000d5580000)
  object space 164864K, 49% used [0x0000000080000000,0x0000000084ef1fd8,0x000000008a100000)
 Metaspace       used 93610K, capacity 98132K, committed 98816K, reserved 1134592K
  class space    used 12171K, capacity 13103K, committed 13312K, reserved 1048576K
GC Heap History (10 events):
Event: 66.830 GC heap before
{Heap before GC invocations=16 (full 3):
 PSYoungGen      total 367104K, used 367085K [0x00000000d5580000, 0x00000000edf00000, 0x0000000100000000)
  eden space 345088K, 100% used [0x00000000d5580000,0x00000000ea680000,0x00000000ea680000)
  from space 22016K, 99% used [0x00000000ec980000,0x00000000edefb770,0x00000000edf00000)
  to   space 27136K, 0% used [0x00000000eaa00000,0x00000000eaa00000,0x00000000ec480000)
 ParOldGen       total 93184K, used 42964K [0x0000000080000000, 0x0000000085b00000, 0x00000000d5580000)
  object space 93184K, 46% used [0x0000000080000000,0x00000000829f5388,0x0000000085b00000)
 Metaspace       used 79252K, capacity 83672K, committed 83840K, reserved 1122304K
  class space    used 10774K, capacity 11562K, committed 11648K, reserved 1048576K
Event: 66.886 GC heap after
Heap after GC invocations=16 (full 3):
 PSYoungGen      total 375808K, used 13370K [0x00000000d5580000, 0x00000000f2000000, 0x0000000100000000)
  eden space 348672K, 0% used [0x00000000d5580000,0x00000000d5580000,0x00000000eaa00000)
  from space 27136K, 49% used [0x00000000eaa00000,0x00000000eb70ea60,0x00000000ec480000)
  to   space 26112K, 0% used [0x00000000f0680000,0x00000000f0680000,0x00000000f2000000)
 ParOldGen       total 93184K, used 58917K [0x0000000080000000, 0x0000000085b00000, 0x00000000d5580000)
  object space 93184K, 63% used [0x0000000080000000,0x00000000839897e8,0x0000000085b00000)
 Metaspace       used 79252K, capacity 83672K, committed 83840K, reserved 1122304K
  class space    used 10774K, capacity 11562K, committed 11648K, reserved 1048576K
}
Event: 74.837 GC heap before
{Heap before GC invocations=17 (full 3):
 PSYoungGen      total 375808K, used 362042K [0x00000000d5580000, 0x00000000f2000000, 0x0000000100000000)
  eden space 348672K, 100% used [0x00000000d5580000,0x00000000eaa00000,0x00000000eaa00000)
  from space 27136K, 49% used [0x00000000eaa00000,0x00000000eb70ea60,0x00000000ec480000)
  to   space 26112K, 0% used [0x00000000f0680000,0x00000000f0680000,0x00000000f2000000)
 ParOldGen       total 93184K, used 58921K [0x0000000080000000, 0x0000000085b00000, 0x00000000d5580000)
  object space 93184K, 63% used [0x0000000080000000,0x000000008398a458,0x0000000085b00000)
 Metaspace       used 80682K, capacity 85230K, committed 85504K, reserved 1122304K
  class space    used 10893K, capacity 11721K, committed 11776K, reserved 1048576K
Event: 74.858 GC heap after
Heap after GC invocations=17 (full 3):
 PSYoungGen      total 432128K, used 14822K [0x00000000d5580000, 0x00000000f1a80000, 0x0000000100000000)
  eden space 411648K, 0% used [0x00000000d5580000,0x00000000d5580000,0x00000000ee780000)
  from space 20480K, 72% used [0x00000000f0680000,0x00000000f14f9ab0,0x00000000f1a80000)
  to   space 26112K, 0% used [0x00000000ee780000,0x00000000ee780000,0x00000000f0100000)
 ParOldGen       total 93184K, used 58929K [0x0000000080000000, 0x0000000085b00000, 0x00000000d5580000)
  object space 93184K, 63% used [0x0000000080000000,0x000000008398c458,0x0000000085b00000)
 Metaspace       used 80682K, capacity 85230K, committed 85504K, reserved 1122304K
  class space    used 10893K, capacity 11721K, committed 11776K, reserved 1048576K
}
Event: 748.113 GC heap before
{Heap before GC invocations=18 (full 3):
 PSYoungGen      total 432128K, used 426470K [0x00000000d5580000, 0x00000000f1a80000, 0x0000000100000000)
  eden space 411648K, 100% used [0x00000000d5580000,0x00000000ee780000,0x00000000ee780000)
  from space 20480K, 72% used [0x00000000f0680000,0x00000000f14f9ab0,0x00000000f1a80000)
  to   space 26112K, 0% used [0x00000000ee780000,0x00000000ee780000,0x00000000f0100000)
 ParOldGen       total 93184K, used 58929K [0x0000000080000000, 0x0000000085b00000, 0x00000000d5580000)
  object space 93184K, 63% used [0x0000000080000000,0x000000008398c458,0x0000000085b00000)
 Metaspace       used 89733K, capacity 94770K, committed 95104K, reserved 1132544K
  class space    used 11896K, capacity 12868K, committed 12928K, reserved 1048576K
Event: 748.197 GC heap after
Heap after GC invocations=18 (full 3):
 PSYoungGen      total 437760K, used 26083K [0x00000000d5580000, 0x00000000f6a80000, 0x0000000100000000)
  eden space 411648K, 0% used [0x00000000d5580000,0x00000000d5580000,0x00000000ee780000)
  from space 26112K, 99% used [0x00000000ee780000,0x00000000f00f8cc0,0x00000000f0100000)
  to   space 36864K, 0% used [0x00000000f4680000,0x00000000f4680000,0x00000000f6a80000)
 ParOldGen       total 93184K, used 77351K [0x0000000080000000, 0x0000000085b00000, 0x00000000d5580000)
  object space 93184K, 83% used [0x0000000080000000,0x0000000084b89e58,0x0000000085b00000)
 Metaspace       used 89733K, capacity 94770K, committed 95104K, reserved 1132544K
  class space    used 11896K, capacity 12868K, committed 12928K, reserved 1048576K
}
Event: 748.197 GC heap before
{Heap before GC invocations=19 (full 4):
 PSYoungGen      total 437760K, used 26083K [0x00000000d5580000, 0x00000000f6a80000, 0x0000000100000000)
  eden space 411648K, 0% used [0x00000000d5580000,0x00000000d5580000,0x00000000ee780000)
  from space 26112K, 99% used [0x00000000ee780000,0x00000000f00f8cc0,0x00000000f0100000)
  to   space 36864K, 0% used [0x00000000f4680000,0x00000000f4680000,0x00000000f6a80000)
 ParOldGen       total 93184K, used 77351K [0x0000000080000000, 0x0000000085b00000, 0x00000000d5580000)
  object space 93184K, 83% used [0x0000000080000000,0x0000000084b89e58,0x0000000085b00000)
 Metaspace       used 89733K, capacity 94770K, committed 95104K, reserved 1132544K
  class space    used 11896K, capacity 12868K, committed 12928K, reserved 1048576K
Event: 748.482 GC heap after
Heap after GC invocations=19 (full 4):
 PSYoungGen      total 437760K, used 0K [0x00000000d5580000, 0x00000000f6a80000, 0x0000000100000000)
  eden space 411648K, 0% used [0x00000000d5580000,0x00000000d5580000,0x00000000ee780000)
  from space 26112K, 0% used [0x00000000ee780000,0x00000000ee780000,0x00000000f0100000)
  to   space 36864K, 0% used [0x00000000f4680000,0x00000000f4680000,0x00000000f6a80000)
 ParOldGen       total 164864K, used 80831K [0x0000000080000000, 0x000000008a100000, 0x00000000d5580000)
  object space 164864K, 49% used [0x0000000080000000,0x0000000084eeffd8,0x000000008a100000)
 Metaspace       used 89239K, capacity 93320K, committed 95104K, reserved 1132544K
  class space    used 11733K, capacity 12579K, committed 12928K, reserved 1048576K
}
Event: 1467.111 GC heap before
{Heap before GC invocations=20 (full 4):
 PSYoungGen      total 437760K, used 411648K [0x00000000d5580000, 0x00000000f6a80000, 0x0000000100000000)
  eden space 411648K, 100% used [0x00000000d5580000,0x00000000ee780000,0x00000000ee780000)
  from space 26112K, 0% used [0x00000000ee780000,0x00000000ee780000,0x00000000f0100000)
  to   space 36864K, 0% used [0x00000000f4680000,0x00000000f4680000,0x00000000f6a80000)
 ParOldGen       total 164864K, used 80831K [0x0000000080000000, 0x000000008a100000, 0x00000000d5580000)
  object space 164864K, 49% used [0x0000000080000000,0x0000000084eeffd8,0x000000008a100000)
 Metaspace       used 91491K, capacity 96002K, committed 96768K, reserved 1132544K
  class space    used 11974K, capacity 12904K, committed 13056K, reserved 1048576K
Event: 1467.142 GC heap after
Heap after GC invocations=20 (full 4):
 PSYoungGen      total 504832K, used 15494K [0x00000000d5580000, 0x00000000f6680000, 0x0000000100000000)
  eden space 472064K, 0% used [0x00000000d5580000,0x00000000d5580000,0x00000000f2280000)
  from space 32768K, 47% used [0x00000000f4680000,0x00000000f55a1ba8,0x00000000f6680000)
  to   space 34816K, 0% used [0x00000000f2280000,0x00000000f2280000,0x00000000f4480000)
 ParOldGen       total 164864K, used 80839K [0x0000000080000000, 0x000000008a100000, 0x00000000d5580000)
  object space 164864K, 49% used [0x0000000080000000,0x0000000084ef1fd8,0x000000008a100000)
 Metaspace       used 91491K, capacity 96002K, committed 96768K, reserved 1132544K
  class space    used 11974K, capacity 12904K, committed 13056K, reserved 1048576K
}

