# JRE version: OpenJDK Runtime Environment (8.0_202-b08) (build 1.8.0_202-b08)
# Java VM: OpenJDK 64-Bit Server VM (25.202-b08 mixed mode windows-amd64 compressed oops)
Heap:
 PSYoungGen      total 28672K, used 12894K [0x00000000d5580000, 0x00000000d7580000, 0x0000000100000000)
  eden space 24576K, 35% used [0x00000000d5580000,0x00000000d5e1bb30,0x00000000d6d80000)
  from space 4096K, 99% used [0x00000000d7180000,0x00000000d757c030,0x00000000d7580000)
  to   space 4096K, 0% used [0x00000000d6d80000,0x00000000d6d80000,0x00000000d7180000)
 ParOldGen       total 65536K, used 6649K [0x0000000080000000, 0x0000000084000000, 0x00000000d5580000)
  object space 65536K, 10% used [0x0000000080000000,0x000000008067e520,0x0000000084000000)
 Metaspace       used 16893K, capacity 17504K, committed 17664K, reserved 1064960K
  class space    used 2275K, capacity 2476K, committed 2560K, reserved 1048576K
GC Heap History (10 events):
Event: 0.911 GC heap before
{Heap before GC invocations=2 (full 0):
 PSYoungGen      total 28672K, used 28040K [0x00000000d5580000, 0x00000000d7580000, 0x0000000100000000)
  eden space 24576K, 100% used [0x00000000d5580000,0x00000000d6d80000,0x00000000d6d80000)
  from space 4096K, 84% used [0x00000000d6d80000,0x00000000d70e20f0,0x00000000d7180000)
  to   space 4096K, 0% used [0x00000000d7180000,0x00000000d7180000,0x00000000d7580000)
 ParOldGen       total 65536K, used 16K [0x0000000080000000, 0x0000000084000000, 0x00000000d5580000)
  object space 65536K, 0% used [0x0000000080000000,0x0000000080004000,0x0000000084000000)
 Metaspace       used 7475K, capacity 7678K, committed 7936K, reserved 1056768K
  class space    used 918K, capacity 1005K, committed 1024K, reserved 1048576K
Event: 0.915 GC heap after
Heap after GC invocations=2 (full 0):
 PSYoungGen      total 28672K, used 3185K [0x00000000d5580000, 0x00000000d7580000, 0x0000000100000000)
  eden space 24576K, 0% used [0x00000000d5580000,0x00000000d5580000,0x00000000d6d80000)
  from space 4096K, 77% used [0x00000000d7180000,0x00000000d749c428,0x00000000d7580000)
  to   space 4096K, 0% used [0x00000000d6d80000,0x00000000d6d80000,0x00000000d7180000)
 ParOldGen       total 65536K, used 24K [0x0000000080000000, 0x0000000084000000, 0x00000000d5580000)
  object space 65536K, 0% used [0x0000000080000000,0x0000000080006000,0x0000000084000000)
 Metaspace       used 7475K, capacity 7678K, committed 7936K, reserved 1056768K
  class space    used 918K, capacity 1005K, committed 1024K, reserved 1048576K
}
Event: 1.080 GC heap before
{Heap before GC invocations=3 (full 0):
 PSYoungGen      total 28672K, used 27761K [0x00000000d5580000, 0x00000000d7580000, 0x0000000100000000)
  eden space 24576K, 100% used [0x00000000d5580000,0x00000000d6d80000,0x00000000d6d80000)
  from space 4096K, 77% used [0x00000000d7180000,0x00000000d749c428,0x00000000d7580000)
  to   space 4096K, 0% used [0x00000000d6d80000,0x00000000d6d80000,0x00000000d7180000)
 ParOldGen       total 65536K, used 24K [0x0000000080000000, 0x0000000084000000, 0x00000000d5580000)
  object space 65536K, 0% used [0x0000000080000000,0x0000000080006000,0x0000000084000000)
 Metaspace       used 7830K, capacity 8086K, committed 8320K, reserved 1056768K
  class space    used 989K, capacity 1077K, committed 1152K, reserved 1048576K
Event: 1.083 GC heap after
Heap after GC invocations=3 (full 0):
 PSYoungGen      total 28672K, used 3761K [0x00000000d5580000, 0x00000000d7580000, 0x0000000100000000)
  eden space 24576K, 0% used [0x00000000d5580000,0x00000000d5580000,0x00000000d6d80000)
  from space 4096K, 91% used [0x00000000d6d80000,0x00000000d712c5d8,0x00000000d7180000)
  to   space 4096K, 0% used [0x00000000d7180000,0x00000000d7180000,0x00000000d7580000)
 ParOldGen       total 65536K, used 32K [0x0000000080000000, 0x0000000084000000, 0x00000000d5580000)
  object space 65536K, 0% used [0x0000000080000000,0x0000000080008000,0x0000000084000000)
 Metaspace       used 7830K, capacity 8086K, committed 8320K, reserved 1056768K
  class space    used 989K, capacity 1077K, committed 1152K, reserved 1048576K
}
Event: 7.545 GC heap before
{Heap before GC invocations=4 (full 0):
 PSYoungGen      total 28672K, used 28337K [0x00000000d5580000, 0x00000000d7580000, 0x0000000100000000)
  eden space 24576K, 100% used [0x00000000d5580000,0x00000000d6d80000,0x00000000d6d80000)
  from space 4096K, 91% used [0x00000000d6d80000,0x00000000d712c5d8,0x00000000d7180000)
  to   space 4096K, 0% used [0x00000000d7180000,0x00000000d7180000,0x00000000d7580000)
 ParOldGen       total 65536K, used 32K [0x0000000080000000, 0x0000000084000000, 0x00000000d5580000)
  object space 65536K, 0% used [0x0000000080000000,0x0000000080008000,0x0000000084000000)
 Metaspace       used 11611K, capacity 11950K, committed 12160K, reserved 1060864K
  class space    used 1540K, capacity 1641K, committed 1664K, reserved 1048576K
Event: 7.551 GC heap after
Heap after GC invocations=4 (full 0):
 PSYoungGen      total 28672K, used 4080K [0x00000000d5580000, 0x00000000d7580000, 0x0000000100000000)
  eden space 24576K, 0% used [0x00000000d5580000,0x00000000d5580000,0x00000000d6d80000)
  from space 4096K, 99% used [0x00000000d7180000,0x00000000d757c010,0x00000000d7580000)
  to   space 4096K, 0% used [0x00000000d6d80000,0x00000000d6d80000,0x00000000d7180000)
 ParOldGen       total 65536K, used 1706K [0x0000000080000000, 0x0000000084000000, 0x00000000d5580000)
  object space 65536K, 2% used [0x0000000080000000,0x00000000801aa890,0x0000000084000000)
 Metaspace       used 11611K, capacity 11950K, committed 12160K, reserved 1060864K
  class space    used 1540K, capacity 1641K, committed 1664K, reserved 1048576K
}
Event: 7.824 GC heap before
{Heap before GC invocations=5 (full 0):
 PSYoungGen      total 28672K, used 28656K [0x00000000d5580000, 0x00000000d7580000, 0x0000000100000000)
  eden space 24576K, 100% used [0x00000000d5580000,0x00000000d6d80000,0x00000000d6d80000)
  from space 4096K, 99% used [0x00000000d7180000,0x00000000d757c010,0x00000000d7580000)
  to   space 4096K, 0% used [0x00000000d6d80000,0x00000000d6d80000,0x00000000d7180000)
 ParOldGen       total 65536K, used 1706K [0x0000000080000000, 0x0000000084000000, 0x00000000d5580000)
  object space 65536K, 2% used [0x0000000080000000,0x00000000801aa890,0x0000000084000000)
 Metaspace       used 13746K, capacity 14222K, committed 14336K, reserved 1060864K
  class space    used 1888K, capacity 2023K, committed 2048K, reserved 1048576K
Event: 7.830 GC heap after
Heap after GC invocations=5 (full 0):
 PSYoungGen      total 28672K, used 4064K [0x00000000d5580000, 0x00000000d7580000, 0x0000000100000000)
  eden space 24576K, 0% used [0x00000000d5580000,0x00000000d5580000,0x00000000d6d80000)
  from space 4096K, 99% used [0x00000000d6d80000,0x00000000d7178020,0x00000000d7180000)
  to   space 4096K, 0% used [0x00000000d7180000,0x00000000d7180000,0x00000000d7580000)
 ParOldGen       total 65536K, used 4050K [0x0000000080000000, 0x0000000084000000, 0x00000000d5580000)
  object space 65536K, 6% used [0x0000000080000000,0x00000000803f4890,0x0000000084000000)
 Metaspace       used 13746K, capacity 14222K, committed 14336K, reserved 1060864K
  class space    used 1888K, capacity 2023K, committed 2048K, reserved 1048576K
}
Event: 8.166 GC heap before
{Heap before GC invocations=6 (full 0):
 PSYoungGen      total 28672K, used 28640K [0x00000000d5580000, 0x00000000d7580000, 0x0000000100000000)
  eden space 24576K, 100% used [0x00000000d5580000,0x00000000d6d80000,0x00000000d6d80000)
  from space 4096K, 99% used [0x00000000d6d80000,0x00000000d7178020,0x00000000d7180000)
  to   space 4096K, 0% used [0x00000000d7180000,0x00000000d7180000,0x00000000d7580000)
 ParOldGen       total 65536K, used 4050K [0x0000000080000000, 0x0000000084000000, 0x00000000d5580000)
  object space 65536K, 6% used [0x0000000080000000,0x00000000803f48b0,0x0000000084000000)
 Metaspace       used 16645K, capacity 17244K, committed 17536K, reserved 1064960K
  class space    used 2223K, capacity 2410K, committed 2432K, reserved 1048576K
Event: 8.172 GC heap after
Heap after GC invocations=6 (full 0):
 PSYoungGen      total 28672K, used 4080K [0x00000000d5580000, 0x00000000d7580000, 0x0000000100000000)
  eden space 24576K, 0% used [0x00000000d5580000,0x00000000d5580000,0x00000000d6d80000)
  from space 4096K, 99% used [0x00000000d7180000,0x00000000d757c030,0x00000000d7580000)
  to   space 4096K, 0% used [0x00000000d6d80000,0x00000000d6d80000,0x00000000d7180000)
 ParOldGen       total 65536K, used 6649K [0x0000000080000000, 0x0000000084000000, 0x00000000d5580000)
  object space 65536K, 10% used [0x0000000080000000,0x000000008067e520,0x0000000084000000)
 Metaspace       used 16645K, capacity 17244K, committed 17536K, reserved 1064960K
  class space    used 2223K, capacity 2410K, committed 2432K, reserved 1048576K
}

