# JRE version: OpenJDK Runtime Environment (8.0_242-b01) (build 1.8.0_242-release-1644-b01)
# Java VM: OpenJDK 64-Bit Server VM (25.242-b01 mixed mode windows-amd64 compressed oops)
Heap:
 PSYoungGen      total 197632K, used 116762K [0x00000000d5580000, 0x00000000e2680000, 0x0000000100000000)
  eden space 185856K, 62% used [0x00000000d5580000,0x00000000dc786b70,0x00000000e0b00000)
  from space 11776K, 0% used [0x00000000e0f80000,0x00000000e0f80000,0x00000000e1b00000)
  to   space 10240K, 0% used [0x00000000e1c80000,0x00000000e1c80000,0x00000000e2680000)
 ParOldGen       total 56832K, used 15912K [0x0000000080000000, 0x0000000083780000, 0x00000000d5580000)
  object space 56832K, 27% used [0x0000000080000000,0x0000000080f8a320,0x0000000083780000)
 Metaspace       used 36925K, capacity 38490K, committed 38744K, reserved 1083392K
  class space    used 5087K, capacity 5404K, committed 5504K, reserved 1048576K
GC Heap History (10 events):
Event: 12.961 GC heap before
{Heap before GC invocations=7 (full 0):
 PSYoungGen      total 105472K, used 18688K [0x00000000d5580000, 0x00000000dc980000, 0x0000000100000000)
  eden space 96768K, 10% used [0x00000000d5580000,0x00000000d5f44320,0x00000000db400000)
  from space 8704K, 99% used [0x00000000dbe00000,0x00000000dc67bf68,0x00000000dc680000)
  to   space 10240K, 0% used [0x00000000db400000,0x00000000db400000,0x00000000dbe00000)
 ParOldGen       total 65536K, used 6821K [0x0000000080000000, 0x0000000084000000, 0x00000000d5580000)
  object space 65536K, 10% used [0x0000000080000000,0x00000000806a9678,0x0000000084000000)
 Metaspace       used 20591K, capacity 21192K, committed 21248K, reserved 1067008K
  class space    used 2870K, capacity 3044K, committed 3072K, reserved 1048576K
Event: 12.968 GC heap after
Heap after GC invocations=7 (full 0):
 PSYoungGen      total 107008K, used 4582K [0x00000000d5580000, 0x00000000e2680000, 0x0000000100000000)
  eden space 96768K, 0% used [0x00000000d5580000,0x00000000d5580000,0x00000000db400000)
  from space 10240K, 44% used [0x00000000db400000,0x00000000db879898,0x00000000dbe00000)
  to   space 10240K, 0% used [0x00000000e1c80000,0x00000000e1c80000,0x00000000e2680000)
 ParOldGen       total 65536K, used 8545K [0x0000000080000000, 0x0000000084000000, 0x00000000d5580000)
  object space 65536K, 13% used [0x0000000080000000,0x00000000808586d8,0x0000000084000000)
 Metaspace       used 20591K, capacity 21192K, committed 21248K, reserved 1067008K
  class space    used 2870K, capacity 3044K, committed 3072K, reserved 1048576K
}
Event: 12.968 GC heap before
{Heap before GC invocations=8 (full 1):
 PSYoungGen      total 107008K, used 4582K [0x00000000d5580000, 0x00000000e2680000, 0x0000000100000000)
  eden space 96768K, 0% used [0x00000000d5580000,0x00000000d5580000,0x00000000db400000)
  from space 10240K, 44% used [0x00000000db400000,0x00000000db879898,0x00000000dbe00000)
  to   space 10240K, 0% used [0x00000000e1c80000,0x00000000e1c80000,0x00000000e2680000)
 ParOldGen       total 65536K, used 8545K [0x0000000080000000, 0x0000000084000000, 0x00000000d5580000)
  object space 65536K, 13% used [0x0000000080000000,0x00000000808586d8,0x0000000084000000)
 Metaspace       used 20591K, capacity 21192K, committed 21248K, reserved 1067008K
  class space    used 2870K, capacity 3044K, committed 3072K, reserved 1048576K
Event: 13.003 GC heap after
Heap after GC invocations=8 (full 1):
 PSYoungGen      total 107008K, used 0K [0x00000000d5580000, 0x00000000e2680000, 0x0000000100000000)
  eden space 96768K, 0% used [0x00000000d5580000,0x00000000d5580000,0x00000000db400000)
  from space 10240K, 0% used [0x00000000db400000,0x00000000db400000,0x00000000dbe00000)
  to   space 10240K, 0% used [0x00000000e1c80000,0x00000000e1c80000,0x00000000e2680000)
 ParOldGen       total 37888K, used 7186K [0x0000000080000000, 0x0000000082500000, 0x00000000d5580000)
  object space 37888K, 18% used [0x0000000080000000,0x0000000080704b88,0x0000000082500000)
 Metaspace       used 20591K, capacity 21192K, committed 21248K, reserved 1067008K
  class space    used 2870K, capacity 3044K, committed 3072K, reserved 1048576K
}
Event: 14.399 GC heap before
{Heap before GC invocations=9 (full 1):
 PSYoungGen      total 107008K, used 96768K [0x00000000d5580000, 0x00000000e2680000, 0x0000000100000000)
  eden space 96768K, 100% used [0x00000000d5580000,0x00000000db400000,0x00000000db400000)
  from space 10240K, 0% used [0x00000000db400000,0x00000000db400000,0x00000000dbe00000)
  to   space 10240K, 0% used [0x00000000e1c80000,0x00000000e1c80000,0x00000000e2680000)
 ParOldGen       total 37888K, used 7186K [0x0000000080000000, 0x0000000082500000, 0x00000000d5580000)
  object space 37888K, 18% used [0x0000000080000000,0x0000000080704b88,0x0000000082500000)
 Metaspace       used 31057K, capacity 31976K, committed 32128K, reserved 1077248K
  class space    used 4195K, capacity 4401K, committed 4480K, reserved 1048576K
Event: 14.411 GC heap after
Heap after GC invocations=9 (full 1):
 PSYoungGen      total 196096K, used 10213K [0x00000000d5580000, 0x00000000e2680000, 0x0000000100000000)
  eden space 185856K, 0% used [0x00000000d5580000,0x00000000d5580000,0x00000000e0b00000)
  from space 10240K, 99% used [0x00000000e1c80000,0x00000000e26796a0,0x00000000e2680000)
  to   space 11776K, 0% used [0x00000000e0f80000,0x00000000e0f80000,0x00000000e1b00000)
 ParOldGen       total 37888K, used 8011K [0x0000000080000000, 0x0000000082500000, 0x00000000d5580000)
  object space 37888K, 21% used [0x0000000080000000,0x00000000807d2c60,0x0000000082500000)
 Metaspace       used 31057K, capacity 31976K, committed 32128K, reserved 1077248K
  class space    used 4195K, capacity 4401K, committed 4480K, reserved 1048576K
}
Event: 15.149 GC heap before
{Heap before GC invocations=10 (full 1):
 PSYoungGen      total 196096K, used 76156K [0x00000000d5580000, 0x00000000e2680000, 0x0000000100000000)
  eden space 185856K, 35% used [0x00000000d5580000,0x00000000d95e59e0,0x00000000e0b00000)
  from space 10240K, 99% used [0x00000000e1c80000,0x00000000e26796a0,0x00000000e2680000)
  to   space 11776K, 0% used [0x00000000e0f80000,0x00000000e0f80000,0x00000000e1b00000)
 ParOldGen       total 37888K, used 8011K [0x0000000080000000, 0x0000000082500000, 0x00000000d5580000)
  object space 37888K, 21% used [0x0000000080000000,0x00000000807d2c60,0x0000000082500000)
 Metaspace       used 34238K, capacity 35380K, committed 35416K, reserved 1079296K
  class space    used 4706K, capacity 4969K, committed 4992K, reserved 1048576K
Event: 15.164 GC heap after
Heap after GC invocations=10 (full 1):
 PSYoungGen      total 197632K, used 9586K [0x00000000d5580000, 0x00000000e2680000, 0x0000000100000000)
  eden space 185856K, 0% used [0x00000000d5580000,0x00000000d5580000,0x00000000e0b00000)
  from space 11776K, 81% used [0x00000000e0f80000,0x00000000e18dcbd0,0x00000000e1b00000)
  to   space 10240K, 0% used [0x00000000e1c80000,0x00000000e1c80000,0x00000000e2680000)
 ParOldGen       total 37888K, used 8019K [0x0000000080000000, 0x0000000082500000, 0x00000000d5580000)
  object space 37888K, 21% used [0x0000000080000000,0x00000000807d4c60,0x0000000082500000)
 Metaspace       used 34238K, capacity 35380K, committed 35416K, reserved 1079296K
  class space    used 4706K, capacity 4969K, committed 4992K, reserved 1048576K
}
Event: 15.164 GC heap before
{Heap before GC invocations=11 (full 2):
 PSYoungGen      total 197632K, used 9586K [0x00000000d5580000, 0x00000000e2680000, 0x0000000100000000)
  eden space 185856K, 0% used [0x00000000d5580000,0x00000000d5580000,0x00000000e0b00000)
  from space 11776K, 81% used [0x00000000e0f80000,0x00000000e18dcbd0,0x00000000e1b00000)
  to   space 10240K, 0% used [0x00000000e1c80000,0x00000000e1c80000,0x00000000e2680000)
 ParOldGen       total 37888K, used 8019K [0x0000000080000000, 0x0000000082500000, 0x00000000d5580000)
  object space 37888K, 21% used [0x0000000080000000,0x00000000807d4c60,0x0000000082500000)
 Metaspace       used 34238K, capacity 35380K, committed 35416K, reserved 1079296K
  class space    used 4706K, capacity 4969K, committed 4992K, reserved 1048576K
Event: 15.228 GC heap after
Heap after GC invocations=11 (full 2):
 PSYoungGen      total 197632K, used 0K [0x00000000d5580000, 0x00000000e2680000, 0x0000000100000000)
  eden space 185856K, 0% used [0x00000000d5580000,0x00000000d5580000,0x00000000e0b00000)
  from space 11776K, 0% used [0x00000000e0f80000,0x00000000e0f80000,0x00000000e1b00000)
  to   space 10240K, 0% used [0x00000000e1c80000,0x00000000e1c80000,0x00000000e2680000)
 ParOldGen       total 56832K, used 15912K [0x0000000080000000, 0x0000000083780000, 0x00000000d5580000)
  object space 56832K, 27% used [0x0000000080000000,0x0000000080f8a320,0x0000000083780000)
 Metaspace       used 34238K, capacity 35380K, committed 35416K, reserved 1079296K
  class space    used 4706K, capacity 4969K, committed 4992K, reserved 1048576K
}

