# JRE version: OpenJDK Runtime Environment (8.0_242-b01) (build 1.8.0_242-release-1644-b01)
# Java VM: OpenJDK 64-Bit Server VM (25.242-b01 mixed mode windows-amd64 compressed oops)
Heap:
 PSYoungGen      total 146944K, used 93193K [0x00000000d5580000, 0x00000000e1c00000, 0x0000000100000000)
  eden space 130560K, 71% used [0x00000000d5580000,0x00000000db082470,0x00000000dd500000)
  from space 16384K, 0% used [0x00000000e0c00000,0x00000000e0c00000,0x00000000e1c00000)
  to   space 14336K, 0% used [0x00000000dd500000,0x00000000dd500000,0x00000000de300000)
 ParOldGen       total 60416K, used 32559K [0x0000000080000000, 0x0000000083b00000, 0x00000000d5580000)
  object space 60416K, 53% used [0x0000000080000000,0x0000000081fcbff8,0x0000000083b00000)
 Metaspace       used 62337K, capacity 64980K, committed 65240K, reserved 1105920K
  class space    used 8659K, capacity 9197K, committed 9216K, reserved 1048576K
GC Heap History (10 events):
Event: 22.696 GC heap before
{Heap before GC invocations=15 (full 2):
 PSYoungGen      total 112128K, used 102912K [0x00000000d5580000, 0x00000000dcd00000, 0x0000000100000000)
  eden space 102912K, 100% used [0x00000000d5580000,0x00000000dba00000,0x00000000dba00000)
  from space 9216K, 0% used [0x00000000dc280000,0x00000000dc280000,0x00000000dcb80000)
  to   space 8704K, 0% used [0x00000000dba00000,0x00000000dba00000,0x00000000dc280000)
 ParOldGen       total 60416K, used 14981K [0x0000000080000000, 0x0000000083b00000, 0x00000000d5580000)
  object space 60416K, 24% used [0x0000000080000000,0x0000000080ea16f8,0x0000000083b00000)
 Metaspace       used 37133K, capacity 38718K, committed 39000K, reserved 1083392K
  class space    used 5118K, capacity 5450K, committed 5504K, reserved 1048576K
Event: 22.712 GC heap after
Heap after GC invocations=15 (full 2):
 PSYoungGen      total 111616K, used 7787K [0x00000000d5580000, 0x00000000dec80000, 0x0000000100000000)
  eden space 102912K, 0% used [0x00000000d5580000,0x00000000d5580000,0x00000000dba00000)
  from space 8704K, 89% used [0x00000000dba00000,0x00000000dc19ac60,0x00000000dc280000)
  to   space 9728K, 0% used [0x00000000de300000,0x00000000de300000,0x00000000dec80000)
 ParOldGen       total 60416K, used 14989K [0x0000000080000000, 0x0000000083b00000, 0x00000000d5580000)
  object space 60416K, 24% used [0x0000000080000000,0x0000000080ea36f8,0x0000000083b00000)
 Metaspace       used 37133K, capacity 38718K, committed 39000K, reserved 1083392K
  class space    used 5118K, capacity 5450K, committed 5504K, reserved 1048576K
}
Event: 24.955 GC heap before
{Heap before GC invocations=16 (full 2):
 PSYoungGen      total 111616K, used 110699K [0x00000000d5580000, 0x00000000dec80000, 0x0000000100000000)
  eden space 102912K, 100% used [0x00000000d5580000,0x00000000dba00000,0x00000000dba00000)
  from space 8704K, 89% used [0x00000000dba00000,0x00000000dc19ac60,0x00000000dc280000)
  to   space 9728K, 0% used [0x00000000de300000,0x00000000de300000,0x00000000dec80000)
 ParOldGen       total 60416K, used 14989K [0x0000000080000000, 0x0000000083b00000, 0x00000000d5580000)
  object space 60416K, 24% used [0x0000000080000000,0x0000000080ea36f8,0x0000000083b00000)
 Metaspace       used 48060K, capacity 50004K, committed 50136K, reserved 1093632K
  class space    used 6481K, capacity 6866K, committed 6912K, reserved 1048576K
Event: 24.984 GC heap after
Heap after GC invocations=16 (full 2):
 PSYoungGen      total 140288K, used 9701K [0x00000000d5580000, 0x00000000df500000, 0x0000000100000000)
  eden space 130560K, 0% used [0x00000000d5580000,0x00000000d5580000,0x00000000dd500000)
  from space 9728K, 99% used [0x00000000de300000,0x00000000dec79770,0x00000000dec80000)
  to   space 14336K, 0% used [0x00000000dd500000,0x00000000dd500000,0x00000000de300000)
 ParOldGen       total 60416K, used 24781K [0x0000000080000000, 0x0000000083b00000, 0x00000000d5580000)
  object space 60416K, 41% used [0x0000000080000000,0x00000000818335f8,0x0000000083b00000)
 Metaspace       used 48060K, capacity 50004K, committed 50136K, reserved 1093632K
  class space    used 6481K, capacity 6866K, committed 6912K, reserved 1048576K
}
Event: 27.870 GC heap before
{Heap before GC invocations=17 (full 2):
 PSYoungGen      total 140288K, used 140261K [0x00000000d5580000, 0x00000000df500000, 0x0000000100000000)
  eden space 130560K, 100% used [0x00000000d5580000,0x00000000dd500000,0x00000000dd500000)
  from space 9728K, 99% used [0x00000000de300000,0x00000000dec79770,0x00000000dec80000)
  to   space 14336K, 0% used [0x00000000dd500000,0x00000000dd500000,0x00000000de300000)
 ParOldGen       total 60416K, used 24781K [0x0000000080000000, 0x0000000083b00000, 0x00000000d5580000)
  object space 60416K, 41% used [0x0000000080000000,0x00000000818335f8,0x0000000083b00000)
 Metaspace       used 56131K, capacity 58522K, committed 58584K, reserved 1099776K
  class space    used 7655K, capacity 8157K, committed 8192K, reserved 1048576K
Event: 27.910 GC heap after
Heap after GC invocations=17 (full 2):
 PSYoungGen      total 144896K, used 14141K [0x00000000d5580000, 0x00000000e1c00000, 0x0000000100000000)
  eden space 130560K, 0% used [0x00000000d5580000,0x00000000d5580000,0x00000000dd500000)
  from space 14336K, 98% used [0x00000000dd500000,0x00000000de2cf4c0,0x00000000de300000)
  to   space 16384K, 0% used [0x00000000e0c00000,0x00000000e0c00000,0x00000000e1c00000)
 ParOldGen       total 60416K, used 30858K [0x0000000080000000, 0x0000000083b00000, 0x00000000d5580000)
  object space 60416K, 51% used [0x0000000080000000,0x0000000081e228f0,0x0000000083b00000)
 Metaspace       used 56131K, capacity 58522K, committed 58584K, reserved 1099776K
  class space    used 7655K, capacity 8157K, committed 8192K, reserved 1048576K
}
Event: 28.085 GC heap before
{Heap before GC invocations=18 (full 2):
 PSYoungGen      total 144896K, used 18999K [0x00000000d5580000, 0x00000000e1c00000, 0x0000000100000000)
  eden space 130560K, 3% used [0x00000000d5580000,0x00000000d5a3ea00,0x00000000dd500000)
  from space 14336K, 98% used [0x00000000dd500000,0x00000000de2cf4c0,0x00000000de300000)
  to   space 16384K, 0% used [0x00000000e0c00000,0x00000000e0c00000,0x00000000e1c00000)
 ParOldGen       total 60416K, used 30858K [0x0000000080000000, 0x0000000083b00000, 0x00000000d5580000)
  object space 60416K, 51% used [0x0000000080000000,0x0000000081e228f0,0x0000000083b00000)
 Metaspace       used 56464K, capacity 58802K, committed 58968K, reserved 1099776K
  class space    used 7717K, capacity 8199K, committed 8320K, reserved 1048576K
Event: 28.102 GC heap after
Heap after GC invocations=18 (full 2):
 PSYoungGen      total 146944K, used 608K [0x00000000d5580000, 0x00000000e1c00000, 0x0000000100000000)
  eden space 130560K, 0% used [0x00000000d5580000,0x00000000d5580000,0x00000000dd500000)
  from space 16384K, 3% used [0x00000000e0c00000,0x00000000e0c98000,0x00000000e1c00000)
  to   space 14336K, 0% used [0x00000000dd500000,0x00000000dd500000,0x00000000de300000)
 ParOldGen       total 60416K, used 39640K [0x0000000080000000, 0x0000000083b00000, 0x00000000d5580000)
  object space 60416K, 65% used [0x0000000080000000,0x00000000826b60f8,0x0000000083b00000)
 Metaspace       used 56464K, capacity 58802K, committed 58968K, reserved 1099776K
  class space    used 7717K, capacity 8199K, committed 8320K, reserved 1048576K
}
Event: 28.102 GC heap before
{Heap before GC invocations=19 (full 3):
 PSYoungGen      total 146944K, used 608K [0x00000000d5580000, 0x00000000e1c00000, 0x0000000100000000)
  eden space 130560K, 0% used [0x00000000d5580000,0x00000000d5580000,0x00000000dd500000)
  from space 16384K, 3% used [0x00000000e0c00000,0x00000000e0c98000,0x00000000e1c00000)
  to   space 14336K, 0% used [0x00000000dd500000,0x00000000dd500000,0x00000000de300000)
 ParOldGen       total 60416K, used 39640K [0x0000000080000000, 0x0000000083b00000, 0x00000000d5580000)
  object space 60416K, 65% used [0x0000000080000000,0x00000000826b60f8,0x0000000083b00000)
 Metaspace       used 56464K, capacity 58802K, committed 58968K, reserved 1099776K
  class space    used 7717K, capacity 8199K, committed 8320K, reserved 1048576K
Event: 28.461 GC heap after
Heap after GC invocations=19 (full 3):
 PSYoungGen      total 146944K, used 0K [0x00000000d5580000, 0x00000000e1c00000, 0x0000000100000000)
  eden space 130560K, 0% used [0x00000000d5580000,0x00000000d5580000,0x00000000dd500000)
  from space 16384K, 0% used [0x00000000e0c00000,0x00000000e0c00000,0x00000000e1c00000)
  to   space 14336K, 0% used [0x00000000dd500000,0x00000000dd500000,0x00000000de300000)
 ParOldGen       total 60416K, used 32559K [0x0000000080000000, 0x0000000083b00000, 0x00000000d5580000)
  object space 60416K, 53% used [0x0000000080000000,0x0000000081fcbff8,0x0000000083b00000)
 Metaspace       used 56423K, capacity 58664K, committed 58968K, reserved 1099776K
  class space    used 7705K, capacity 8176K, committed 8320K, reserved 1048576K
}

