# JRE version: OpenJDK Runtime Environment (8.0_242-b01) (build 1.8.0_242-release-1644-b01)
# Java VM: OpenJDK 64-Bit Server VM (25.242-b01 mixed mode windows-amd64 compressed oops)
Heap:
 PSYoungGen      total 192512K, used 56612K [0x00000000d5580000, 0x00000000e2680000, 0x0000000100000000)
  eden space 182272K, 25% used [0x00000000d5580000,0x00000000d82cbcf0,0x00000000e0780000)
  from space 10240K, 99% used [0x00000000e1c80000,0x00000000e267d3e0,0x00000000e2680000)
  to   space 11776K, 0% used [0x00000000e0f80000,0x00000000e0f80000,0x00000000e1b00000)
 ParOldGen       total 38400K, used 8062K [0x0000000080000000, 0x0000000082580000, 0x00000000d5580000)
  object space 38400K, 20% used [0x0000000080000000,0x00000000807df990,0x0000000082580000)
 Metaspace       used 33271K, capacity 34416K, committed 34608K, reserved 1079296K
  class space    used 4550K, capacity 4825K, committed 4912K, reserved 1048576K
GC Heap History (10 events):
Event: 12.602 GC heap before
{Heap before GC invocations=5 (full 0):
 PSYoungGen      total 53248K, used 53216K [0x00000000d5580000, 0x00000000d8d80000, 0x0000000100000000)
  eden space 49152K, 100% used [0x00000000d5580000,0x00000000d8580000,0x00000000d8580000)
  from space 4096K, 99% used [0x00000000d8980000,0x00000000d8d78020,0x00000000d8d80000)
  to   space 4096K, 0% used [0x00000000d8580000,0x00000000d8580000,0x00000000d8980000)
 ParOldGen       total 65536K, used 1589K [0x0000000080000000, 0x0000000084000000, 0x00000000d5580000)
  object space 65536K, 2% used [0x0000000080000000,0x000000008018d500,0x0000000084000000)
 Metaspace       used 16531K, capacity 17084K, committed 17280K, reserved 1064960K
  class space    used 2197K, capacity 2368K, committed 2432K, reserved 1048576K
Event: 12.613 GC heap after
Heap after GC invocations=5 (full 0):
 PSYoungGen      total 53248K, used 4080K [0x00000000d5580000, 0x00000000dc680000, 0x0000000100000000)
  eden space 49152K, 0% used [0x00000000d5580000,0x00000000d5580000,0x00000000d8580000)
  from space 4096K, 99% used [0x00000000d8580000,0x00000000d897c010,0x00000000d8980000)
  to   space 8704K, 0% used [0x00000000dbe00000,0x00000000dbe00000,0x00000000dc680000)
 ParOldGen       total 65536K, used 6563K [0x0000000080000000, 0x0000000084000000, 0x00000000d5580000)
  object space 65536K, 10% used [0x0000000080000000,0x0000000080668ea8,0x0000000084000000)
 Metaspace       used 16531K, capacity 17084K, committed 17280K, reserved 1064960K
  class space    used 2197K, capacity 2368K, committed 2432K, reserved 1048576K
}
Event: 13.470 GC heap before
{Heap before GC invocations=6 (full 0):
 PSYoungGen      total 53248K, used 53232K [0x00000000d5580000, 0x00000000dc680000, 0x0000000100000000)
  eden space 49152K, 100% used [0x00000000d5580000,0x00000000d8580000,0x00000000d8580000)
  from space 4096K, 99% used [0x00000000d8580000,0x00000000d897c010,0x00000000d8980000)
  to   space 8704K, 0% used [0x00000000dbe00000,0x00000000dbe00000,0x00000000dc680000)
 ParOldGen       total 65536K, used 6563K [0x0000000080000000, 0x0000000084000000, 0x00000000d5580000)
  object space 65536K, 10% used [0x0000000080000000,0x0000000080668ea8,0x0000000084000000)
 Metaspace       used 20038K, capacity 20702K, committed 20992K, reserved 1067008K
  class space    used 2778K, capacity 2945K, committed 3072K, reserved 1048576K
Event: 13.481 GC heap after
Heap after GC invocations=6 (full 0):
 PSYoungGen      total 105472K, used 8688K [0x00000000d5580000, 0x00000000dc980000, 0x0000000100000000)
  eden space 96768K, 0% used [0x00000000d5580000,0x00000000d5580000,0x00000000db400000)
  from space 8704K, 99% used [0x00000000dbe00000,0x00000000dc67c1a8,0x00000000dc680000)
  to   space 10240K, 0% used [0x00000000db400000,0x00000000db400000,0x00000000dbe00000)
 ParOldGen       total 65536K, used 6790K [0x0000000080000000, 0x0000000084000000, 0x00000000d5580000)
  object space 65536K, 10% used [0x0000000080000000,0x00000000806a18e8,0x0000000084000000)
 Metaspace       used 20038K, capacity 20702K, committed 20992K, reserved 1067008K
  class space    used 2778K, capacity 2945K, committed 3072K, reserved 1048576K
}
Event: 13.626 GC heap before
{Heap before GC invocations=7 (full 0):
 PSYoungGen      total 105472K, used 18713K [0x00000000d5580000, 0x00000000dc980000, 0x0000000100000000)
  eden space 96768K, 10% used [0x00000000d5580000,0x00000000d5f4a3d8,0x00000000db400000)
  from space 8704K, 99% used [0x00000000dbe00000,0x00000000dc67c1a8,0x00000000dc680000)
  to   space 10240K, 0% used [0x00000000db400000,0x00000000db400000,0x00000000dbe00000)
 ParOldGen       total 65536K, used 6790K [0x0000000080000000, 0x0000000084000000, 0x00000000d5580000)
  object space 65536K, 10% used [0x0000000080000000,0x00000000806a18e8,0x0000000084000000)
 Metaspace       used 20626K, capacity 21224K, committed 21296K, reserved 1067008K
  class space    used 2872K, capacity 3076K, committed 3120K, reserved 1048576K
Event: 13.636 GC heap after
Heap after GC invocations=7 (full 0):
 PSYoungGen      total 107008K, used 4594K [0x00000000d5580000, 0x00000000e2680000, 0x0000000100000000)
  eden space 96768K, 0% used [0x00000000d5580000,0x00000000d5580000,0x00000000db400000)
  from space 10240K, 44% used [0x00000000db400000,0x00000000db87c938,0x00000000dbe00000)
  to   space 10240K, 0% used [0x00000000e1c80000,0x00000000e1c80000,0x00000000e2680000)
 ParOldGen       total 65536K, used 8482K [0x0000000080000000, 0x0000000084000000, 0x00000000d5580000)
  object space 65536K, 12% used [0x0000000080000000,0x0000000080848948,0x0000000084000000)
 Metaspace       used 20626K, capacity 21224K, committed 21296K, reserved 1067008K
  class space    used 2872K, capacity 3076K, committed 3120K, reserved 1048576K
}
Event: 13.636 GC heap before
{Heap before GC invocations=8 (full 1):
 PSYoungGen      total 107008K, used 4594K [0x00000000d5580000, 0x00000000e2680000, 0x0000000100000000)
  eden space 96768K, 0% used [0x00000000d5580000,0x00000000d5580000,0x00000000db400000)
  from space 10240K, 44% used [0x00000000db400000,0x00000000db87c938,0x00000000dbe00000)
  to   space 10240K, 0% used [0x00000000e1c80000,0x00000000e1c80000,0x00000000e2680000)
 ParOldGen       total 65536K, used 8482K [0x0000000080000000, 0x0000000084000000, 0x00000000d5580000)
  object space 65536K, 12% used [0x0000000080000000,0x0000000080848948,0x0000000084000000)
 Metaspace       used 20626K, capacity 21224K, committed 21296K, reserved 1067008K
  class space    used 2872K, capacity 3076K, committed 3120K, reserved 1048576K
Event: 13.684 GC heap after
Heap after GC invocations=8 (full 1):
 PSYoungGen      total 107008K, used 0K [0x00000000d5580000, 0x00000000e2680000, 0x0000000100000000)
  eden space 96768K, 0% used [0x00000000d5580000,0x00000000d5580000,0x00000000db400000)
  from space 10240K, 0% used [0x00000000db400000,0x00000000db400000,0x00000000dbe00000)
  to   space 10240K, 0% used [0x00000000e1c80000,0x00000000e1c80000,0x00000000e2680000)
 ParOldGen       total 38400K, used 7238K [0x0000000080000000, 0x0000000082580000, 0x00000000d5580000)
  object space 38400K, 18% used [0x0000000080000000,0x00000000807119d0,0x0000000082580000)
 Metaspace       used 20626K, capacity 21224K, committed 21296K, reserved 1067008K
  class space    used 2872K, capacity 3076K, committed 3120K, reserved 1048576K
}
Event: 15.499 GC heap before
{Heap before GC invocations=9 (full 1):
 PSYoungGen      total 107008K, used 96768K [0x00000000d5580000, 0x00000000e2680000, 0x0000000100000000)
  eden space 96768K, 100% used [0x00000000d5580000,0x00000000db400000,0x00000000db400000)
  from space 10240K, 0% used [0x00000000db400000,0x00000000db400000,0x00000000dbe00000)
  to   space 10240K, 0% used [0x00000000e1c80000,0x00000000e1c80000,0x00000000e2680000)
 ParOldGen       total 38400K, used 7238K [0x0000000080000000, 0x0000000082580000, 0x00000000d5580000)
  object space 38400K, 18% used [0x0000000080000000,0x00000000807119d0,0x0000000082580000)
 Metaspace       used 31132K, capacity 32072K, committed 32432K, reserved 1077248K
  class space    used 4203K, capacity 4433K, committed 4528K, reserved 1048576K
Event: 15.511 GC heap after
Heap after GC invocations=9 (full 1):
 PSYoungGen      total 192512K, used 10228K [0x00000000d5580000, 0x00000000e2680000, 0x0000000100000000)
  eden space 182272K, 0% used [0x00000000d5580000,0x00000000d5580000,0x00000000e0780000)
  from space 10240K, 99% used [0x00000000e1c80000,0x00000000e267d3e0,0x00000000e2680000)
  to   space 11776K, 0% used [0x00000000e0f80000,0x00000000e0f80000,0x00000000e1b00000)
 ParOldGen       total 38400K, used 8062K [0x0000000080000000, 0x0000000082580000, 0x00000000d5580000)
  object space 38400K, 20% used [0x0000000080000000,0x00000000807df990,0x0000000082580000)
 Metaspace       used 31132K, capacity 32072K, committed 32432K, reserved 1077248K
  class space    used 4203K, capacity 4433K, committed 4528K, reserved 1048576K
}

