Heap:
 PSYoungGen      total 78336K, used 15727K [0x00000000d5580000, 0x00000000daa80000, 0x0000000100000000)
  eden space 70656K, 11% used [0x00000000d5580000,0x00000000d5d5e250,0x00000000d9a80000)
  from space 7680K, 99% used [0x00000000da280000,0x00000000da9fda30,0x00000000daa00000)
  to   space 8192K, 0% used [0x00000000d9a80000,0x00000000d9a80000,0x00000000da280000)
 ParOldGen       total 41472K, used 9065K [0x0000000080000000, 0x0000000082880000, 0x00000000d5580000)
  object space 41472K, 21% used [0x0000000080000000,0x00000000808da6d8,0x0000000082880000)
 Metaspace       used 31574K, capacity 32450K, committed 32768K, reserved 1077248K
  class space    used 4279K, capacity 4506K, committed 4608K, reserved 1048576K
GC Heap History (10 events):
Event: 11.434 GC heap before
{Heap before GC invocations=7 (full 0):
 PSYoungGen      total 31232K, used 30878K [0x00000000d5580000, 0x00000000d9380000, 0x0000000100000000)
  eden space 24064K, 100% used [0x00000000d5580000,0x00000000d6d00000,0x00000000d6d00000)
  from space 7168K, 95% used [0x00000000d8c80000,0x00000000d9327bf8,0x00000000d9380000)
  to   space 8192K, 0% used [0x00000000d8380000,0x00000000d8380000,0x00000000d8b80000)
 ParOldGen       total 65536K, used 3963K [0x0000000080000000, 0x0000000084000000, 0x00000000d5580000)
  object space 65536K, 6% used [0x0000000080000000,0x00000000803deec0,0x0000000084000000)
 Metaspace       used 18200K, capacity 18786K, committed 19072K, reserved 1064960K
  class space    used 2482K, capacity 2659K, committed 2688K, reserved 1048576K
Event: 11.441 GC heap after
Heap after GC invocations=7 (full 0):
 PSYoungGen      total 55296K, used 5190K [0x00000000d5580000, 0x00000000d9380000, 0x0000000100000000)
  eden space 47104K, 0% used [0x00000000d5580000,0x00000000d5580000,0x00000000d8380000)
  from space 8192K, 63% used [0x00000000d8380000,0x00000000d8891808,0x00000000d8b80000)
  to   space 7680K, 0% used [0x00000000d8c00000,0x00000000d8c00000,0x00000000d9380000)
 ParOldGen       total 65536K, used 5851K [0x0000000080000000, 0x0000000084000000, 0x00000000d5580000)
  object space 65536K, 8% used [0x0000000080000000,0x00000000805b6f10,0x0000000084000000)
 Metaspace       used 18200K, capacity 18786K, committed 19072K, reserved 1064960K
  class space    used 2482K, capacity 2659K, committed 2688K, reserved 1048576K
}
Event: 11.921 GC heap before
{Heap before GC invocations=8 (full 0):
 PSYoungGen      total 55296K, used 34074K [0x00000000d5580000, 0x00000000d9380000, 0x0000000100000000)
  eden space 47104K, 61% used [0x00000000d5580000,0x00000000d71b53f0,0x00000000d8380000)
  from space 8192K, 63% used [0x00000000d8380000,0x00000000d8891808,0x00000000d8b80000)
  to   space 7680K, 0% used [0x00000000d8c00000,0x00000000d8c00000,0x00000000d9380000)
 ParOldGen       total 65536K, used 5851K [0x0000000080000000, 0x0000000084000000, 0x00000000d5580000)
  object space 65536K, 8% used [0x0000000080000000,0x00000000805b6f10,0x0000000084000000)
 Metaspace       used 20542K, capacity 21190K, committed 21248K, reserved 1067008K
  class space    used 2857K, capacity 3043K, committed 3072K, reserved 1048576K
Event: 11.926 GC heap after
Heap after GC invocations=8 (full 0):
 PSYoungGen      total 55808K, used 5267K [0x00000000d5580000, 0x00000000dc080000, 0x0000000100000000)
  eden space 48128K, 0% used [0x00000000d5580000,0x00000000d5580000,0x00000000d8480000)
  from space 7680K, 68% used [0x00000000d8c00000,0x00000000d9124ed8,0x00000000d9380000)
  to   space 7680K, 0% used [0x00000000d8480000,0x00000000d8480000,0x00000000d8c00000)
 ParOldGen       total 65536K, used 7219K [0x0000000080000000, 0x0000000084000000, 0x00000000d5580000)
  object space 65536K, 11% used [0x0000000080000000,0x000000008070cf88,0x0000000084000000)
 Metaspace       used 20542K, capacity 21190K, committed 21248K, reserved 1067008K
  class space    used 2857K, capacity 3043K, committed 3072K, reserved 1048576K
}
Event: 11.926 GC heap before
{Heap before GC invocations=9 (full 1):
 PSYoungGen      total 55808K, used 5267K [0x00000000d5580000, 0x00000000dc080000, 0x0000000100000000)
  eden space 48128K, 0% used [0x00000000d5580000,0x00000000d5580000,0x00000000d8480000)
  from space 7680K, 68% used [0x00000000d8c00000,0x00000000d9124ed8,0x00000000d9380000)
  to   space 7680K, 0% used [0x00000000d8480000,0x00000000d8480000,0x00000000d8c00000)
 ParOldGen       total 65536K, used 7219K [0x0000000080000000, 0x0000000084000000, 0x00000000d5580000)
  object space 65536K, 11% used [0x0000000080000000,0x000000008070cf88,0x0000000084000000)
 Metaspace       used 20542K, capacity 21190K, committed 21248K, reserved 1067008K
  class space    used 2857K, capacity 3043K, committed 3072K, reserved 1048576K
Event: 11.960 GC heap after
Heap after GC invocations=9 (full 1):
 PSYoungGen      total 55808K, used 0K [0x00000000d5580000, 0x00000000dc080000, 0x0000000100000000)
  eden space 48128K, 0% used [0x00000000d5580000,0x00000000d5580000,0x00000000d8480000)
  from space 7680K, 0% used [0x00000000d8c00000,0x00000000d8c00000,0x00000000d9380000)
  to   space 7680K, 0% used [0x00000000d8480000,0x00000000d8480000,0x00000000d8c00000)
 ParOldGen       total 41472K, used 8756K [0x0000000080000000, 0x0000000082880000, 0x00000000d5580000)
  object space 41472K, 21% used [0x0000000080000000,0x000000008088d2a8,0x0000000082880000)
 Metaspace       used 20542K, capacity 21190K, committed 21248K, reserved 1067008K
  class space    used 2857K, capacity 3043K, committed 3072K, reserved 1048576K
}
Event: 12.617 GC heap before
{Heap before GC invocations=10 (full 1):
 PSYoungGen      total 55808K, used 48128K [0x00000000d5580000, 0x00000000dc080000, 0x0000000100000000)
  eden space 48128K, 100% used [0x00000000d5580000,0x00000000d8480000,0x00000000d8480000)
  from space 7680K, 0% used [0x00000000d8c00000,0x00000000d8c00000,0x00000000d9380000)
  to   space 7680K, 0% used [0x00000000d8480000,0x00000000d8480000,0x00000000d8c00000)
 ParOldGen       total 41472K, used 8756K [0x0000000080000000, 0x0000000082880000, 0x00000000d5580000)
  object space 41472K, 21% used [0x0000000080000000,0x000000008088d2a8,0x0000000082880000)
 Metaspace       used 24036K, capacity 24784K, committed 24960K, reserved 1071104K
  class space    used 3406K, capacity 3646K, committed 3712K, reserved 1048576K
Event: 12.622 GC heap after
Heap after GC invocations=10 (full 1):
 PSYoungGen      total 55808K, used 4266K [0x00000000d5580000, 0x00000000daa00000, 0x0000000100000000)
  eden space 48128K, 0% used [0x00000000d5580000,0x00000000d5580000,0x00000000d8480000)
  from space 7680K, 55% used [0x00000000d8480000,0x00000000d88aa808,0x00000000d8c00000)
  to   space 7680K, 0% used [0x00000000da280000,0x00000000da280000,0x00000000daa00000)
 ParOldGen       total 41472K, used 8764K [0x0000000080000000, 0x0000000082880000, 0x00000000d5580000)
  object space 41472K, 21% used [0x0000000080000000,0x000000008088f2a8,0x0000000082880000)
 Metaspace       used 24036K, capacity 24784K, committed 24960K, reserved 1071104K
  class space    used 3406K, capacity 3646K, committed 3712K, reserved 1048576K
}
Event: 13.940 GC heap before
{Heap before GC invocations=11 (full 1):
 PSYoungGen      total 55808K, used 52394K [0x00000000d5580000, 0x00000000daa00000, 0x0000000100000000)
  eden space 48128K, 100% used [0x00000000d5580000,0x00000000d8480000,0x00000000d8480000)
  from space 7680K, 55% used [0x00000000d8480000,0x00000000d88aa808,0x00000000d8c00000)
  to   space 7680K, 0% used [0x00000000da280000,0x00000000da280000,0x00000000daa00000)
 ParOldGen       total 41472K, used 8764K [0x0000000080000000, 0x0000000082880000, 0x00000000d5580000)
  object space 41472K, 21% used [0x0000000080000000,0x000000008088f2a8,0x0000000082880000)
 Metaspace       used 31040K, capacity 31968K, committed 32128K, reserved 1077248K
  class space    used 4186K, capacity 4399K, committed 4480K, reserved 1048576K
Event: 13.949 GC heap after
Heap after GC invocations=11 (full 1):
 PSYoungGen      total 78336K, used 7670K [0x00000000d5580000, 0x00000000daa80000, 0x0000000100000000)
  eden space 70656K, 0% used [0x00000000d5580000,0x00000000d5580000,0x00000000d9a80000)
  from space 7680K, 99% used [0x00000000da280000,0x00000000da9fda30,0x00000000daa00000)
  to   space 8192K, 0% used [0x00000000d9a80000,0x00000000d9a80000,0x00000000da280000)
 ParOldGen       total 41472K, used 9065K [0x0000000080000000, 0x0000000082880000, 0x00000000d5580000)
  object space 41472K, 21% used [0x0000000080000000,0x00000000808da6d8,0x0000000082880000)
 Metaspace       used 31040K, capacity 31968K, committed 32128K, reserved 1077248K
  class space    used 4186K, capacity 4399K, committed 4480K, reserved 1048576K
}

