# JRE version: OpenJDK Runtime Environment (8.0_202-b08) (build 1.8.0_202-b08)
# Java VM: OpenJDK 64-Bit Server VM (25.202-b08 mixed mode windows-amd64 compressed oops)
Heap:
 PSYoungGen      total 28672K, used 11511K [0x00000000d5580000, 0x00000000d9380000, 0x0000000100000000)
  eden space 24576K, 30% used [0x00000000d5580000,0x00000000d5cbdee8,0x00000000d6d80000)
  from space 4096K, 100% used [0x00000000d6d80000,0x00000000d7180000,0x00000000d7180000)
  to   space 7168K, 0% used [0x00000000d8c80000,0x00000000d8c80000,0x00000000d9380000)
 ParOldGen       total 65536K, used 3980K [0x0000000080000000, 0x0000000084000000, 0x00000000d5580000)
  object space 65536K, 6% used [0x0000000080000000,0x00000000803e3298,0x0000000084000000)
 Metaspace       used 14509K, capacity 14964K, committed 15232K, reserved 1062912K
  class space    used 1984K, capacity 2152K, committed 2176K, reserved 1048576K
GC Heap History (10 events):
Event: 0.699 GC heap before
{Heap before GC invocations=1 (full 0):
 PSYoungGen      total 28672K, used 24576K [0x00000000d5580000, 0x00000000d7580000, 0x0000000100000000)
  eden space 24576K, 100% used [0x00000000d5580000,0x00000000d6d80000,0x00000000d6d80000)
  from space 4096K, 0% used [0x00000000d7180000,0x00000000d7180000,0x00000000d7580000)
  to   space 4096K, 0% used [0x00000000d6d80000,0x00000000d6d80000,0x00000000d7180000)
 ParOldGen       total 65536K, used 0K [0x0000000080000000, 0x0000000084000000, 0x00000000d5580000)
  object space 65536K, 0% used [0x0000000080000000,0x0000000080000000,0x0000000084000000)
 Metaspace       used 6803K, capacity 7096K, committed 7424K, reserved 1056768K
  class space    used 841K, capacity 940K, committed 1024K, reserved 1048576K
Event: 0.704 GC heap after
Heap after GC invocations=1 (full 0):
 PSYoungGen      total 28672K, used 3398K [0x00000000d5580000, 0x00000000d7580000, 0x0000000100000000)
  eden space 24576K, 0% used [0x00000000d5580000,0x00000000d5580000,0x00000000d6d80000)
  from space 4096K, 82% used [0x00000000d6d80000,0x00000000d70d1878,0x00000000d7180000)
  to   space 4096K, 0% used [0x00000000d7180000,0x00000000d7180000,0x00000000d7580000)
 ParOldGen       total 65536K, used 8K [0x0000000080000000, 0x0000000084000000, 0x00000000d5580000)
  object space 65536K, 0% used [0x0000000080000000,0x0000000080002000,0x0000000084000000)
 Metaspace       used 6803K, capacity 7096K, committed 7424K, reserved 1056768K
  class space    used 841K, capacity 940K, committed 1024K, reserved 1048576K
}
Event: 0.999 GC heap before
{Heap before GC invocations=2 (full 0):
 PSYoungGen      total 28672K, used 27974K [0x00000000d5580000, 0x00000000d7580000, 0x0000000100000000)
  eden space 24576K, 100% used [0x00000000d5580000,0x00000000d6d80000,0x00000000d6d80000)
  from space 4096K, 82% used [0x00000000d6d80000,0x00000000d70d1878,0x00000000d7180000)
  to   space 4096K, 0% used [0x00000000d7180000,0x00000000d7180000,0x00000000d7580000)
 ParOldGen       total 65536K, used 8K [0x0000000080000000, 0x0000000084000000, 0x00000000d5580000)
  object space 65536K, 0% used [0x0000000080000000,0x0000000080002000,0x0000000084000000)
 Metaspace       used 7473K, capacity 7678K, committed 7936K, reserved 1056768K
  class space    used 919K, capacity 1005K, committed 1024K, reserved 1048576K
Event: 1.003 GC heap after
Heap after GC invocations=2 (full 0):
 PSYoungGen      total 28672K, used 3225K [0x00000000d5580000, 0x00000000d8d80000, 0x0000000100000000)
  eden space 24576K, 0% used [0x00000000d5580000,0x00000000d5580000,0x00000000d6d80000)
  from space 4096K, 78% used [0x00000000d7180000,0x00000000d74a6738,0x00000000d7580000)
  to   space 4096K, 0% used [0x00000000d6d80000,0x00000000d6d80000,0x00000000d7180000)
 ParOldGen       total 65536K, used 16K [0x0000000080000000, 0x0000000084000000, 0x00000000d5580000)
  object space 65536K, 0% used [0x0000000080000000,0x0000000080004000,0x0000000084000000)
 Metaspace       used 7473K, capacity 7678K, committed 7936K, reserved 1056768K
  class space    used 919K, capacity 1005K, committed 1024K, reserved 1048576K
}
Event: 1.177 GC heap before
{Heap before GC invocations=3 (full 0):
 PSYoungGen      total 28672K, used 27801K [0x00000000d5580000, 0x00000000d8d80000, 0x0000000100000000)
  eden space 24576K, 100% used [0x00000000d5580000,0x00000000d6d80000,0x00000000d6d80000)
  from space 4096K, 78% used [0x00000000d7180000,0x00000000d74a6738,0x00000000d7580000)
  to   space 4096K, 0% used [0x00000000d6d80000,0x00000000d6d80000,0x00000000d7180000)
 ParOldGen       total 65536K, used 16K [0x0000000080000000, 0x0000000084000000, 0x00000000d5580000)
  object space 65536K, 0% used [0x0000000080000000,0x0000000080004000,0x0000000084000000)
 Metaspace       used 7831K, capacity 8086K, committed 8320K, reserved 1056768K
  class space    used 990K, capacity 1077K, committed 1152K, reserved 1048576K
Event: 1.180 GC heap after
Heap after GC invocations=3 (full 0):
 PSYoungGen      total 28672K, used 3729K [0x00000000d5580000, 0x00000000d8d80000, 0x0000000100000000)
  eden space 24576K, 0% used [0x00000000d5580000,0x00000000d5580000,0x00000000d6d80000)
  from space 4096K, 91% used [0x00000000d6d80000,0x00000000d71245f8,0x00000000d7180000)
  to   space 4096K, 0% used [0x00000000d8980000,0x00000000d8980000,0x00000000d8d80000)
 ParOldGen       total 65536K, used 24K [0x0000000080000000, 0x0000000084000000, 0x00000000d5580000)
  object space 65536K, 0% used [0x0000000080000000,0x0000000080006000,0x0000000084000000)
 Metaspace       used 7831K, capacity 8086K, committed 8320K, reserved 1056768K
  class space    used 990K, capacity 1077K, committed 1152K, reserved 1048576K
}
Event: 10.106 GC heap before
{Heap before GC invocations=4 (full 0):
 PSYoungGen      total 28672K, used 28305K [0x00000000d5580000, 0x00000000d8d80000, 0x0000000100000000)
  eden space 24576K, 100% used [0x00000000d5580000,0x00000000d6d80000,0x00000000d6d80000)
  from space 4096K, 91% used [0x00000000d6d80000,0x00000000d71245f8,0x00000000d7180000)
  to   space 4096K, 0% used [0x00000000d8980000,0x00000000d8980000,0x00000000d8d80000)
 ParOldGen       total 65536K, used 24K [0x0000000080000000, 0x0000000084000000, 0x00000000d5580000)
  object space 65536K, 0% used [0x0000000080000000,0x0000000080006000,0x0000000084000000)
 Metaspace       used 11631K, capacity 11950K, committed 12160K, reserved 1060864K
  class space    used 1540K, capacity 1641K, committed 1664K, reserved 1048576K
Event: 10.111 GC heap after
Heap after GC invocations=4 (full 0):
 PSYoungGen      total 28672K, used 4096K [0x00000000d5580000, 0x00000000d8d80000, 0x0000000100000000)
  eden space 24576K, 0% used [0x00000000d5580000,0x00000000d5580000,0x00000000d6d80000)
  from space 4096K, 100% used [0x00000000d8980000,0x00000000d8d80000,0x00000000d8d80000)
  to   space 4096K, 0% used [0x00000000d6d80000,0x00000000d6d80000,0x00000000d7180000)
 ParOldGen       total 65536K, used 1705K [0x0000000080000000, 0x0000000084000000, 0x00000000d5580000)
  object space 65536K, 2% used [0x0000000080000000,0x00000000801aa6d8,0x0000000084000000)
 Metaspace       used 11631K, capacity 11950K, committed 12160K, reserved 1060864K
  class space    used 1540K, capacity 1641K, committed 1664K, reserved 1048576K
}
Event: 10.367 GC heap before
{Heap before GC invocations=5 (full 0):
 PSYoungGen      total 28672K, used 28672K [0x00000000d5580000, 0x00000000d8d80000, 0x0000000100000000)
  eden space 24576K, 100% used [0x00000000d5580000,0x00000000d6d80000,0x00000000d6d80000)
  from space 4096K, 100% used [0x00000000d8980000,0x00000000d8d80000,0x00000000d8d80000)
  to   space 4096K, 0% used [0x00000000d6d80000,0x00000000d6d80000,0x00000000d7180000)
 ParOldGen       total 65536K, used 1705K [0x0000000080000000, 0x0000000084000000, 0x00000000d5580000)
  object space 65536K, 2% used [0x0000000080000000,0x00000000801aa6d8,0x0000000084000000)
 Metaspace       used 13695K, capacity 14150K, committed 14336K, reserved 1060864K
  class space    used 1875K, capacity 2011K, committed 2048K, reserved 1048576K
Event: 10.373 GC heap after
Heap after GC invocations=5 (full 0):
 PSYoungGen      total 28672K, used 4096K [0x00000000d5580000, 0x00000000d9380000, 0x0000000100000000)
  eden space 24576K, 0% used [0x00000000d5580000,0x00000000d5580000,0x00000000d6d80000)
  from space 4096K, 100% used [0x00000000d6d80000,0x00000000d7180000,0x00000000d7180000)
  to   space 7168K, 0% used [0x00000000d8c80000,0x00000000d8c80000,0x00000000d9380000)
 ParOldGen       total 65536K, used 3980K [0x0000000080000000, 0x0000000084000000, 0x00000000d5580000)
  object space 65536K, 6% used [0x0000000080000000,0x00000000803e3298,0x0000000084000000)
 Metaspace       used 13695K, capacity 14150K, committed 14336K, reserved 1060864K
  class space    used 1875K, capacity 2011K, committed 2048K, reserved 1048576K
}

