# JRE version: OpenJDK Runtime Environment (11.0.11+9) (build 11.0.11+9-b60-7590822)
# Java VM: OpenJDK 64-Bit Server VM (11.0.11+9-b60-7590822, mixed mode, tiered, compressed oops, g1 gc, windows-amd64)
Heap:
 garbage-first heap   total 143360K, used 70817K [0x0000000080000000, 0x0000000100000000)
  region size 1024K, 4 young (4096K), 4 survivors (4096K)
 Metaspace       used 80910K, capacity 83166K, committed 83184K, reserved 1122304K
  class space    used 10662K, capacity 11466K, committed 11468K, reserved 1048576K
GC Heap History (20 events):
Event: 16.349 GC heap after
{Heap after GC invocations=23 (full 0):
 garbage-first heap   total 98304K, used 54871K [0x0000000080000000, 0x0000000100000000)
  region size 1024K, 3 young (3072K), 3 survivors (3072K)
 Metaspace       used 64729K, capacity 66438K, committed 66544K, reserved 1107968K
  class space    used 8230K, capacity 8850K, committed 8908K, reserved 1048576K
}
Event: 16.670 GC heap before
{Heap before GC invocations=24 (full 0):
 garbage-first heap   total 98304K, used 75351K [0x0000000080000000, 0x0000000100000000)
  region size 1024K, 23 young (23552K), 3 survivors (3072K)
 Metaspace       used 65891K, capacity 67542K, committed 67696K, reserved 1107968K
  class space    used 8382K, capacity 8981K, committed 9036K, reserved 1048576K
}
Event: 16.673 GC heap after
{Heap after GC invocations=25 (full 0):
 garbage-first heap   total 98304K, used 56574K [0x0000000080000000, 0x0000000100000000)
  region size 1024K, 2 young (2048K), 2 survivors (2048K)
 Metaspace       used 65891K, capacity 67542K, committed 67696K, reserved 1107968K
  class space    used 8382K, capacity 8981K, committed 9036K, reserved 1048576K
}
Event: 17.143 GC heap before
{Heap before GC invocations=25 (full 0):
 garbage-first heap   total 98304K, used 77054K [0x0000000080000000, 0x0000000100000000)
  region size 1024K, 22 young (22528K), 2 survivors (2048K)
 Metaspace       used 68557K, capacity 70234K, committed 70512K, reserved 1110016K
  class space    used 8875K, capacity 9472K, committed 9548K, reserved 1048576K
}
Event: 17.147 GC heap after
{Heap after GC invocations=26 (full 0):
 garbage-first heap   total 98304K, used 57592K [0x0000000080000000, 0x0000000100000000)
  region size 1024K, 3 young (3072K), 3 survivors (3072K)
 Metaspace       used 68557K, capacity 70234K, committed 70512K, reserved 1110016K
  class space    used 8875K, capacity 9472K, committed 9548K, reserved 1048576K
}
Event: 17.468 GC heap before
{Heap before GC invocations=27 (full 0):
 garbage-first heap   total 98304K, used 78072K [0x0000000080000000, 0x0000000100000000)
  region size 1024K, 23 young (23552K), 3 survivors (3072K)
 Metaspace       used 70088K, capacity 71852K, committed 72048K, reserved 1112064K
  class space    used 9080K, capacity 9686K, committed 9804K, reserved 1048576K
}
Event: 17.473 GC heap after
{Heap after GC invocations=28 (full 0):
 garbage-first heap   total 98304K, used 59291K [0x0000000080000000, 0x0000000100000000)
  region size 1024K, 3 young (3072K), 3 survivors (3072K)
 Metaspace       used 70088K, capacity 71852K, committed 72048K, reserved 1112064K
  class space    used 9080K, capacity 9686K, committed 9804K, reserved 1048576K
}
Event: 17.668 GC heap before
{Heap before GC invocations=28 (full 0):
 garbage-first heap   total 98304K, used 79771K [0x0000000080000000, 0x0000000100000000)
  region size 1024K, 23 young (23552K), 3 survivors (3072K)
 Metaspace       used 70476K, capacity 72177K, committed 72304K, reserved 1112064K
  class space    used 9142K, capacity 9729K, committed 9804K, reserved 1048576K
}
Event: 17.673 GC heap after
{Heap after GC invocations=29 (full 0):
 garbage-first heap   total 98304K, used 60594K [0x0000000080000000, 0x0000000100000000)
  region size 1024K, 2 young (2048K), 2 survivors (2048K)
 Metaspace       used 70476K, capacity 72177K, committed 72304K, reserved 1112064K
  class space    used 9142K, capacity 9729K, committed 9804K, reserved 1048576K
}
Event: 18.043 GC heap before
{Heap before GC invocations=30 (full 0):
 garbage-first heap   total 98304K, used 80050K [0x0000000080000000, 0x0000000100000000)
  region size 1024K, 21 young (21504K), 2 survivors (2048K)
 Metaspace       used 71361K, capacity 73133K, committed 73200K, reserved 1112064K
  class space    used 9272K, capacity 9895K, committed 9932K, reserved 1048576K
}
Event: 18.048 GC heap after
{Heap after GC invocations=31 (full 0):
 garbage-first heap   total 98304K, used 61897K [0x0000000080000000, 0x0000000100000000)
  region size 1024K, 3 young (3072K), 3 survivors (3072K)
 Metaspace       used 71361K, capacity 73133K, committed 73200K, reserved 1112064K
  class space    used 9272K, capacity 9895K, committed 9932K, reserved 1048576K
}
Event: 18.383 GC heap before
{Heap before GC invocations=31 (full 0):
 garbage-first heap   total 98304K, used 81353K [0x0000000080000000, 0x0000000100000000)
  region size 1024K, 22 young (22528K), 3 survivors (3072K)
 Metaspace       used 72796K, capacity 74566K, committed 74736K, reserved 1114112K
  class space    used 9477K, capacity 10128K, committed 10188K, reserved 1048576K
}
Event: 18.390 GC heap after
{Heap after GC invocations=32 (full 0):
 garbage-first heap   total 118784K, used 63119K [0x0000000080000000, 0x0000000100000000)
  region size 1024K, 3 young (3072K), 3 survivors (3072K)
 Metaspace       used 72796K, capacity 74566K, committed 74736K, reserved 1114112K
  class space    used 9477K, capacity 10128K, committed 10188K, reserved 1048576K
}
Event: 18.963 GC heap before
{Heap before GC invocations=33 (full 0):
 garbage-first heap   total 118784K, used 89743K [0x0000000080000000, 0x0000000100000000)
  region size 1024K, 29 young (29696K), 3 survivors (3072K)
 Metaspace       used 75452K, capacity 77295K, committed 77424K, reserved 1116160K
  class space    used 9883K, capacity 10537K, committed 10572K, reserved 1048576K
}
Event: 18.970 GC heap after
{Heap after GC invocations=34 (full 0):
 garbage-first heap   total 118784K, used 64719K [0x0000000080000000, 0x0000000100000000)
  region size 1024K, 3 young (3072K), 3 survivors (3072K)
 Metaspace       used 75452K, capacity 77295K, committed 77424K, reserved 1116160K
  class space    used 9883K, capacity 10537K, committed 10572K, reserved 1048576K
}
Event: 19.457 GC heap before
{Heap before GC invocations=34 (full 0):
 garbage-first heap   total 118784K, used 91343K [0x0000000080000000, 0x0000000100000000)
  region size 1024K, 29 young (29696K), 3 survivors (3072K)
 Metaspace       used 78048K, capacity 79919K, committed 80112K, reserved 1118208K
  class space    used 10188K, capacity 10830K, committed 10956K, reserved 1048576K
}
Event: 19.463 GC heap after
{Heap after GC invocations=35 (full 0):
 garbage-first heap   total 118784K, used 67036K [0x0000000080000000, 0x0000000100000000)
  region size 1024K, 4 young (4096K), 4 survivors (4096K)
 Metaspace       used 78048K, capacity 79919K, committed 80112K, reserved 1118208K
  class space    used 10188K, capacity 10830K, committed 10956K, reserved 1048576K
}
Event: 20.791 GC heap before
{Heap before GC invocations=36 (full 0):
 garbage-first heap   total 118784K, used 93660K [0x0000000080000000, 0x0000000100000000)
  region size 1024K, 30 young (30720K), 4 survivors (4096K)
 Metaspace       used 80307K, capacity 82445K, committed 82544K, reserved 1120256K
  class space    used 10563K, capacity 11312K, committed 11340K, reserved 1048576K
}
Event: 20.797 GC heap after
{Heap after GC invocations=37 (full 0):
 garbage-first heap   total 118784K, used 69068K [0x0000000080000000, 0x0000000100000000)
  region size 1024K, 3 young (3072K), 3 survivors (3072K)
 Metaspace       used 80307K, capacity 82445K, committed 82544K, reserved 1120256K
  class space    used 10563K, capacity 11312K, committed 11340K, reserved 1048576K
}
Event: 21.035 GC heap before
{Heap before GC invocations=37 (full 0):
 garbage-first heap   total 118784K, used 93644K [0x0000000080000000, 0x0000000100000000)
  region size 1024K, 28 young (28672K), 3 survivors (3072K)
 Metaspace       used 80910K, capacity 83166K, committed 83184K, reserved 1122304K
  class space    used 10662K, capacity 11466K, committed 11468K, reserved 1048576K
}

