# JRE version: OpenJDK Runtime Environment (8.0_202-b08) (build 1.8.0_202-b08)
# Java VM: OpenJDK 64-Bit Server VM (25.202-b08 mixed mode windows-amd64 compressed oops)
Heap:
 PSYoungGen      total 214528K, used 4008K [0x00000000d5580000, 0x00000000e7b80000, 0x0000000100000000)
  eden space 195072K, 2% used [0x00000000d5580000,0x00000000d596a148,0x00000000e1400000)
  from space 19456K, 0% used [0x00000000e1400000,0x00000000e1400000,0x00000000e2700000)
  to   space 18432K, 0% used [0x00000000e6980000,0x00000000e6980000,0x00000000e7b80000)
 ParOldGen       total 94208K, used 34951K [0x0000000080000000, 0x0000000085c00000, 0x00000000d5580000)
  object space 94208K, 37% used [0x0000000080000000,0x0000000082221db8,0x0000000085c00000)
 Metaspace       used 56559K, capacity 58910K, committed 59224K, reserved 1099776K
  class space    used 7728K, capacity 8211K, committed 8320K, reserved 1048576K
GC Heap History (10 events):
Event: 9.534 GC heap before
{Heap before GC invocations=12 (full 2):
 PSYoungGen      total 158720K, used 9790K [0x00000000d5580000, 0x00000000dfe00000, 0x0000000100000000)
  eden space 147456K, 0% used [0x00000000d5580000,0x00000000d5580000,0x00000000de580000)
  from space 11264K, 86% used [0x00000000df180000,0x00000000dfb0fb68,0x00000000dfc80000)
  to   space 12288K, 0% used [0x00000000de580000,0x00000000de580000,0x00000000df180000)
 ParOldGen       total 36864K, used 8523K [0x0000000080000000, 0x0000000082400000, 0x00000000d5580000)
  object space 36864K, 23% used [0x0000000080000000,0x0000000080852da0,0x0000000082400000)
 Metaspace       used 34195K, capacity 35374K, committed 35416K, reserved 1079296K
  class space    used 4698K, capacity 4968K, committed 4992K, reserved 1048576K
Event: 9.572 GC heap after
Heap after GC invocations=12 (full 2):
 PSYoungGen      total 158720K, used 0K [0x00000000d5580000, 0x00000000dfe00000, 0x0000000100000000)
  eden space 147456K, 0% used [0x00000000d5580000,0x00000000d5580000,0x00000000de580000)
  from space 11264K, 0% used [0x00000000df180000,0x00000000df180000,0x00000000dfc80000)
  to   space 12288K, 0% used [0x00000000de580000,0x00000000de580000,0x00000000df180000)
 ParOldGen       total 55808K, used 16063K [0x0000000080000000, 0x0000000083680000, 0x00000000d5580000)
  object space 55808K, 28% used [0x0000000080000000,0x0000000080fafe00,0x0000000083680000)
 Metaspace       used 34195K, capacity 35374K, committed 35416K, reserved 1079296K
  class space    used 4698K, capacity 4968K, committed 4992K, reserved 1048576K
}
Event: 10.720 GC heap before
{Heap before GC invocations=13 (full 2):
 PSYoungGen      total 158720K, used 147456K [0x00000000d5580000, 0x00000000dfe00000, 0x0000000100000000)
  eden space 147456K, 100% used [0x00000000d5580000,0x00000000de580000,0x00000000de580000)
  from space 11264K, 0% used [0x00000000df180000,0x00000000df180000,0x00000000dfc80000)
  to   space 12288K, 0% used [0x00000000de580000,0x00000000de580000,0x00000000df180000)
 ParOldGen       total 55808K, used 16063K [0x0000000080000000, 0x0000000083680000, 0x00000000d5580000)
  object space 55808K, 28% used [0x0000000080000000,0x0000000080fafe00,0x0000000083680000)
 Metaspace       used 40393K, capacity 42176K, committed 42328K, reserved 1085440K
  class space    used 5560K, capacity 5926K, committed 6016K, reserved 1048576K
Event: 10.730 GC heap after
Heap after GC invocations=13 (full 2):
 PSYoungGen      total 159744K, used 11513K [0x00000000d5580000, 0x00000000e3400000, 0x0000000100000000)
  eden space 147456K, 0% used [0x00000000d5580000,0x00000000d5580000,0x00000000de580000)
  from space 12288K, 93% used [0x00000000de580000,0x00000000df0be638,0x00000000df180000)
  to   space 13312K, 0% used [0x00000000e2700000,0x00000000e2700000,0x00000000e3400000)
 ParOldGen       total 55808K, used 16071K [0x0000000080000000, 0x0000000083680000, 0x00000000d5580000)
  object space 55808K, 28% used [0x0000000080000000,0x0000000080fb1e00,0x0000000083680000)
 Metaspace       used 40393K, capacity 42176K, committed 42328K, reserved 1085440K
  class space    used 5560K, capacity 5926K, committed 6016K, reserved 1048576K
}
Event: 12.162 GC heap before
{Heap before GC invocations=14 (full 2):
 PSYoungGen      total 159744K, used 158969K [0x00000000d5580000, 0x00000000e3400000, 0x0000000100000000)
  eden space 147456K, 100% used [0x00000000d5580000,0x00000000de580000,0x00000000de580000)
  from space 12288K, 93% used [0x00000000de580000,0x00000000df0be638,0x00000000df180000)
  to   space 13312K, 0% used [0x00000000e2700000,0x00000000e2700000,0x00000000e3400000)
 ParOldGen       total 55808K, used 16071K [0x0000000080000000, 0x0000000083680000, 0x00000000d5580000)
  object space 55808K, 28% used [0x0000000080000000,0x0000000080fb1e00,0x0000000083680000)
 Metaspace       used 52726K, capacity 54872K, committed 55128K, reserved 1097728K
  class space    used 7058K, capacity 7501K, committed 7552K, reserved 1048576K
Event: 12.181 GC heap after
Heap after GC invocations=14 (full 2):
 PSYoungGen      total 208384K, used 13294K [0x00000000d5580000, 0x00000000e3d80000, 0x0000000100000000)
  eden space 195072K, 0% used [0x00000000d5580000,0x00000000d5580000,0x00000000e1400000)
  from space 13312K, 99% used [0x00000000e2700000,0x00000000e33fb9f8,0x00000000e3400000)
  to   space 19456K, 0% used [0x00000000e1400000,0x00000000e1400000,0x00000000e2700000)
 ParOldGen       total 55808K, used 26874K [0x0000000080000000, 0x0000000083680000, 0x00000000d5580000)
  object space 55808K, 48% used [0x0000000080000000,0x0000000081a3e878,0x0000000083680000)
 Metaspace       used 52726K, capacity 54872K, committed 55128K, reserved 1097728K
  class space    used 7058K, capacity 7501K, committed 7552K, reserved 1048576K
}
Event: 12.825 GC heap before
{Heap before GC invocations=15 (full 2):
 PSYoungGen      total 208384K, used 81528K [0x00000000d5580000, 0x00000000e3d80000, 0x0000000100000000)
  eden space 195072K, 34% used [0x00000000d5580000,0x00000000d98229d8,0x00000000e1400000)
  from space 13312K, 99% used [0x00000000e2700000,0x00000000e33fb9f8,0x00000000e3400000)
  to   space 19456K, 0% used [0x00000000e1400000,0x00000000e1400000,0x00000000e2700000)
 ParOldGen       total 55808K, used 26874K [0x0000000080000000, 0x0000000083680000, 0x00000000d5580000)
  object space 55808K, 48% used [0x0000000080000000,0x0000000081a3e878,0x0000000083680000)
 Metaspace       used 56460K, capacity 58828K, committed 58968K, reserved 1099776K
  class space    used 7714K, capacity 8204K, committed 8320K, reserved 1048576K
Event: 12.840 GC heap after
Heap after GC invocations=15 (full 2):
 PSYoungGen      total 214528K, used 6914K [0x00000000d5580000, 0x00000000e7b80000, 0x0000000100000000)
  eden space 195072K, 0% used [0x00000000d5580000,0x00000000d5580000,0x00000000e1400000)
  from space 19456K, 35% used [0x00000000e1400000,0x00000000e1ac0b88,0x00000000e2700000)
  to   space 18432K, 0% used [0x00000000e6980000,0x00000000e6980000,0x00000000e7b80000)
 ParOldGen       total 55808K, used 36955K [0x0000000080000000, 0x0000000083680000, 0x00000000d5580000)
  object space 55808K, 66% used [0x0000000080000000,0x0000000082416e30,0x0000000083680000)
 Metaspace       used 56460K, capacity 58828K, committed 58968K, reserved 1099776K
  class space    used 7714K, capacity 8204K, committed 8320K, reserved 1048576K
}
Event: 12.840 GC heap before
{Heap before GC invocations=16 (full 3):
 PSYoungGen      total 214528K, used 6914K [0x00000000d5580000, 0x00000000e7b80000, 0x0000000100000000)
  eden space 195072K, 0% used [0x00000000d5580000,0x00000000d5580000,0x00000000e1400000)
  from space 19456K, 35% used [0x00000000e1400000,0x00000000e1ac0b88,0x00000000e2700000)
  to   space 18432K, 0% used [0x00000000e6980000,0x00000000e6980000,0x00000000e7b80000)
 ParOldGen       total 55808K, used 36955K [0x0000000080000000, 0x0000000083680000, 0x00000000d5580000)
  object space 55808K, 66% used [0x0000000080000000,0x0000000082416e30,0x0000000083680000)
 Metaspace       used 56460K, capacity 58828K, committed 58968K, reserved 1099776K
  class space    used 7714K, capacity 8204K, committed 8320K, reserved 1048576K
Event: 13.041 GC heap after
Heap after GC invocations=16 (full 3):
 PSYoungGen      total 214528K, used 0K [0x00000000d5580000, 0x00000000e7b80000, 0x0000000100000000)
  eden space 195072K, 0% used [0x00000000d5580000,0x00000000d5580000,0x00000000e1400000)
  from space 19456K, 0% used [0x00000000e1400000,0x00000000e1400000,0x00000000e2700000)
  to   space 18432K, 0% used [0x00000000e6980000,0x00000000e6980000,0x00000000e7b80000)
 ParOldGen       total 94208K, used 34951K [0x0000000080000000, 0x0000000085c00000, 0x00000000d5580000)
  object space 94208K, 37% used [0x0000000080000000,0x0000000082221db8,0x0000000085c00000)
 Metaspace       used 56410K, capacity 58660K, committed 58968K, reserved 1099776K
  class space    used 7699K, capacity 8176K, committed 8320K, reserved 1048576K
}

